__main__: None -> <Module __main__ ./support/_mountzlib.py imports=[('archive', 0, 0, -1), ('iu', 0, 0, -1), ('sys', 0, 0, -1)] binaries=[] datas=[]>
archive: None -> <Module archive /usr/local/tools/pyinstaller-1.5.1/archive.pyc imports=[('marshal', 0, 0, -1), ('struct', 0, 0, -1), ('imp', 0, 0, -1), ('sys', 0, 0, -1), ('iu', 0, 0, -1), ('imp', 1, 0, -1), ('os', 1, 1, -1), ('zlib', 1, 1, -1), ('AES', 1, 1, -1), ('os', 1, 1, -1)] binaries=[] datas=[]>
iu: None -> <Module iu /usr/local/tools/pyinstaller-1.5.1/iu.pyc imports=[('sys', 0, 0, -1), ('imp', 0, 0, -1), ('marshal', 0, 0, -1), ('zipimport', 0, 0, -1), ('win32api', 1, 0, -1), ('__builtin__', 1, 0, -1), ('posix', 1, 1, -1), ('posix.stat', 1, 1, -1), ('posix.getcwd', 1, 1, -1), ('posix.environ', 1, 1, -1), ('posix.listdir', 1, 1, -1), ('nt', 1, 1, -1), ('nt.stat', 1, 1, -1), ('nt.getcwd', 1, 1, -1), ('nt.environ', 1, 1, -1), ('nt.listdir', 1, 1, -1), ('dos', 1, 1, -1), ('dos.stat', 1, 1, -1), ('dos.getcwd', 1, 1, -1), ('dos.environ', 1, 1, -1), ('dos.listdir', 1, 1, -1), ('os2', 1, 1, -1), ('os2.stat', 1, 1, -1), ('os2.getcwd', 1, 1, -1), ('os2.environ', 1, 1, -1), ('os2.listdir', 1, 1, -1), ('mac', 1, 1, -1), ('mac.stat', 1, 1, -1), ('mac.getcwd', 1, 1, -1), ('mac.environ', 1, 1, -1), ('mac.listdir', 1, 1, -1)] binaries=[] datas=[]>
sys: None -> <Module sys None imports=[] binaries=[] datas=[]>
marshal: None -> <Module marshal None imports=[] binaries=[] datas=[]>
struct: None -> <Module struct /usr/lib/python2.7/struct.pyc imports=[('_struct', 0, 0, -1), ('_struct.*', 0, 0, -1), ('_struct', 0, 0, -1), ('_struct._clearcache', 0, 0, -1), ('_struct', 0, 0, -1), ('_struct.__doc__', 0, 0, -1)] binaries=[] datas=[]>
imp: None -> <Module imp None imports=[] binaries=[] datas=[]>
os: None -> <Module os /usr/lib/python2.7/os.pyc imports=[('sys', 0, 0, -1), ('errno', 0, 0, -1), ('posix', 0, 1, -1), ('posix.*', 0, 1, -1), ('posix', 0, 1, -1), ('posix._exit', 0, 1, -1), ('posixpath', 0, 1, -1), ('posix', 0, 1, -1), ('nt', 0, 1, -1), ('nt.*', 0, 1, -1), ('nt', 0, 1, -1), ('nt._exit', 0, 1, -1), ('ntpath', 0, 1, -1), ('nt', 0, 1, -1), ('os2', 0, 1, -1), ('os2.*', 0, 1, -1), ('os2', 0, 1, -1), ('os2._exit', 0, 1, -1), ('ntpath', 0, 1, -1), ('os2emxpath', 0, 1, -1), ('_emx_link', 0, 1, -1), ('_emx_link.link', 0, 1, -1), ('os2', 0, 1, -1), ('ce', 0, 1, -1), ('ce.*', 0, 1, -1), ('ce', 0, 1, -1), ('ce._exit', 0, 1, -1), ('ntpath', 0, 1, -1), ('ce', 0, 1, -1), ('riscos', 0, 1, -1), ('riscos.*', 0, 1, -1), ('riscos', 0, 1, -1), ('riscos._exit', 0, 1, -1), ('riscospath', 0, 1, -1), ('riscos', 0, 1, -1), ('os.path', 0, 0, -1), ('os.path.curdir', 0, 0, -1), ('os.path.pardir', 0, 0, -1), ('os.path.sep', 0, 0, -1), ('os.path.pathsep', 0, 0, -1), ('os.path.defpath', 0, 0, -1), ('os.path.extsep', 0, 0, -1), ('os.path.altsep', 0, 0, -1), ('os.path.devnull', 0, 0, -1), ('UserDict', 0, 1, -1), ('riscosenviron', 0, 1, -1), ('riscosenviron._Environ', 0, 1, -1), ('copy_reg', 0, 0, -1), ('warnings', 1, 0, -1), ('subprocess', 1, 0, -1), ('warnings', 1, 0, -1), ('subprocess', 1, 0, -1), ('warnings', 1, 0, -1), ('subprocess', 1, 0, -1)] binaries=[] datas=[]>
zlib: None -> <Module zlib None imports=[] binaries=[] datas=[]>
AES: None -> None
  DEL AES
_struct: None -> <Module _struct None imports=[] binaries=[] datas=[]>
zipimport: None -> <Module zipimport None imports=[] binaries=[] datas=[]>
__builtin__: None -> <Module __builtin__ None imports=[] binaries=[] datas=[]>
posix: None -> <Module posix None imports=[] binaries=[] datas=[]>
errno: None -> <Module errno None imports=[] binaries=[] datas=[]>
posixpath: None -> <Module posixpath /usr/lib/python2.7/posixpath.pyc imports=[('os', 0, 0, -1), ('sys', 0, 0, -1), ('stat', 0, 0, -1), ('genericpath', 0, 0, -1), ('warnings', 0, 0, -1), ('genericpath', 0, 0, -1), ('genericpath.*', 0, 0, -1), ('pwd', 1, 1, -1), ('pwd', 1, 1, -1), ('re', 1, 1, -1)] binaries=[] datas=[]>
os2emxpath: None -> <Module os2emxpath /usr/lib/python2.7/os2emxpath.pyc imports=[('os', 0, 0, -1), ('stat', 0, 0, -1), ('genericpath', 0, 0, -1), ('genericpath.*', 0, 0, -1), ('ntpath', 0, 0, -1), ('ntpath.expanduser', 0, 0, -1), ('ntpath.expandvars', 0, 0, -1), ('ntpath.isabs', 0, 0, -1), ('ntpath.islink', 0, 0, -1), ('ntpath.splitdrive', 0, 0, -1), ('ntpath.splitext', 0, 0, -1), ('ntpath.split', 0, 0, -1), ('ntpath.walk', 0, 0, -1)] binaries=[] datas=[]>
_emx_link: None -> None
  DEL _emx_link
_emx_link: None -> None
  DEL _emx_link
UserDict: None -> <Module UserDict /usr/lib/python2.7/UserDict.pyc imports=[('_abcoll', 0, 0, -1), ('copy', 1, 0, -1)] binaries=[] datas=[]>
copy_reg: None -> <Module copy_reg /usr/lib/python2.7/copy_reg.pyc imports=[('types', 0, 0, -1), ('types.ClassType', 0, 0, -1)] binaries=[] datas=[]>
warnings: None -> <Module warnings /usr/lib/python2.7/warnings.pyc imports=[('linecache', 0, 0, -1), ('sys', 0, 0, -1), ('types', 0, 0, -1), ('_warnings', 0, 0, -1), ('_warnings.filters', 0, 0, -1), ('_warnings.default_action', 0, 0, -1), ('_warnings.once_registry', 0, 0, -1), ('_warnings.warn', 0, 0, -1), ('_warnings.warn_explicit', 0, 0, -1), ('re', 1, 0, -1), ('re', 1, 0, -1), ('re', 1, 0, -1)] binaries=[] datas=[]>
subprocess: None -> <Module subprocess /usr/lib/python2.7/subprocess.pyc imports=[('sys', 0, 0, -1), ('os', 0, 0, -1), ('types', 0, 0, -1), ('traceback', 0, 0, -1), ('gc', 0, 0, -1), ('signal', 0, 0, -1), ('errno', 0, 0, -1), ('threading', 0, 1, -1), ('msvcrt', 0, 1, -1), ('_subprocess', 0, 1, -1), ('select', 0, 1, -1), ('fcntl', 0, 1, -1), ('pickle', 0, 1, -1), ('_subprocess', 0, 1, -1), ('_subprocess.CREATE_NEW_CONSOLE', 0, 1, -1), ('_subprocess.CREATE_NEW_PROCESS_GROUP', 0, 1, -1), ('_subprocess.STD_INPUT_HANDLE', 0, 1, -1), ('_subprocess.STD_OUTPUT_HANDLE', 0, 1, -1), ('_subprocess.STD_ERROR_HANDLE', 0, 1, -1), ('_subprocess.SW_HIDE', 0, 1, -1), ('_subprocess.STARTF_USESTDHANDLES', 0, 1, -1), ('_subprocess.STARTF_USESHOWWINDOW', 0, 1, -1)] binaries=[] datas=[]>
stat: None -> <Module stat /usr/lib/python2.7/stat.pyc imports=[] binaries=[] datas=[]>
genericpath: None -> <Module genericpath /usr/lib/python2.7/genericpath.pyc imports=[('os', 0, 0, -1), ('stat', 0, 0, -1)] binaries=[] datas=[]>
pwd: None -> <Module pwd None imports=[] binaries=[] datas=[]>
re: None -> <Module re /usr/lib/python2.7/re.pyc imports=[('sys', 0, 0, -1), ('sre_compile', 0, 0, -1), ('sre_parse', 0, 0, -1), ('copy_reg', 0, 0, -1), ('sre_constants', 1, 0, -1), ('sre_constants.BRANCH', 1, 0, -1), ('sre_constants.SUBPATTERN', 1, 0, -1)] binaries=[] datas=[]>
linecache: None -> <Module linecache /usr/lib/python2.7/linecache.pyc imports=[('sys', 0, 0, -1), ('os', 0, 0, -1)] binaries=[] datas=[]>
types: None -> <Module types /usr/lib/python2.7/types.pyc imports=[('sys', 0, 0, -1)] binaries=[] datas=[]>
_warnings: None -> <Module _warnings None imports=[] binaries=[] datas=[]>
sre_compile: None -> <Module sre_compile /usr/lib/python2.7/sre_compile.pyc imports=[('_sre', 0, 0, -1), ('sys', 0, 0, -1), ('sre_parse', 0, 0, -1), ('sre_constants', 0, 0, -1), ('sre_constants.*', 0, 0, -1), ('array', 1, 0, -1)] binaries=[] datas=[]>
sre_parse: None -> <Module sre_parse /usr/lib/python2.7/sre_parse.pyc imports=[('sys', 0, 0, -1), ('sre_constants', 0, 0, -1), ('sre_constants.*', 0, 0, -1)] binaries=[] datas=[]>
sre_constants: None -> <Module sre_constants /usr/lib/python2.7/sre_constants.pyc imports=[] binaries=[] datas=[]>
_sre: None -> <Module _sre None imports=[] binaries=[] datas=[]>
array: None -> <Module array None imports=[] binaries=[] datas=[]>
ntpath: None -> <Module ntpath /usr/lib/python2.7/ntpath.pyc imports=[('os', 0, 0, -1), ('sys', 0, 0, -1), ('stat', 0, 0, -1), ('genericpath', 0, 0, -1), ('warnings', 0, 0, -1), ('genericpath', 0, 0, -1), ('genericpath.*', 0, 0, -1), ('nt', 0, 0, -1), ('nt._getfullpathname', 0, 0, -1), ('nt', 0, 0, -1), ('nt._isdir', 0, 0, -1), ('string', 1, 0, -1)] binaries=[] datas=[]>
nt: None -> None
  DEL nt
nt: None -> None
  DEL nt
nt: None -> None
  DEL nt
nt: None -> None
  DEL nt
string: None -> <Module string /usr/lib/python2.7/string.pyc imports=[('re', 0, 0, -1), ('strop', 0, 0, -1), ('strop.maketrans', 0, 0, -1), ('strop.lowercase', 0, 0, -1), ('strop.uppercase', 0, 0, -1), ('strop.whitespace', 0, 0, -1)] binaries=[] datas=[]>
strop: None -> <Module strop None imports=[] binaries=[] datas=[]>
_abcoll: None -> <Module _abcoll /usr/lib/python2.7/_abcoll.pyc imports=[('abc', 0, 0, -1), ('abc.ABCMeta', 0, 0, -1), ('abc.abstractmethod', 0, 0, -1), ('sys', 0, 0, -1)] binaries=[] datas=[]>
copy: None -> <Module copy /usr/lib/python2.7/copy.pyc imports=[('types', 0, 0, -1), ('weakref', 0, 0, -1), ('copy_reg', 0, 0, -1), ('copy_reg.dispatch_table', 0, 0, -1), ('org.python.core', 0, 0, -1), ('org.python.core.PyStringMap', 0, 0, -1), ('repr', 1, 0, -1), ('repr', 1, 0, -1), ('sys', 1, 1, -1)] binaries=[] datas=[]>
abc: None -> <Module abc /usr/lib/python2.7/abc.pyc imports=[('types', 0, 0, -1), ('_weakrefset', 0, 0, -1), ('_weakrefset.WeakSet', 0, 0, -1)] binaries=[] datas=[]>
_weakrefset: None -> <Module _weakrefset /usr/lib/python2.7/_weakrefset.pyc imports=[('_weakref', 0, 0, -1), ('_weakref.ref', 0, 0, -1)] binaries=[] datas=[]>
_weakref: None -> <Module _weakref None imports=[] binaries=[] datas=[]>
weakref: None -> <Module weakref /usr/lib/python2.7/weakref.pyc imports=[('UserDict', 0, 0, -1), ('_weakref', 0, 0, -1), ('_weakref.getweakrefcount', 0, 0, -1), ('_weakref.getweakrefs', 0, 0, -1), ('_weakref.ref', 0, 0, -1), ('_weakref.proxy', 0, 0, -1), ('_weakref.CallableProxyType', 0, 0, -1), ('_weakref.ProxyType', 0, 0, -1), ('_weakref.ReferenceType', 0, 0, -1), ('_weakrefset', 0, 0, -1), ('_weakrefset.WeakSet', 0, 0, -1), ('exceptions', 0, 0, -1), ('exceptions.ReferenceError', 0, 0, -1), ('copy', 1, 0, -1), ('copy.deepcopy', 1, 0, -1), ('copy', 1, 0, -1), ('copy.deepcopy', 1, 0, -1)] binaries=[] datas=[]>
org: None -> None
  DEL org
org: None -> None
  DEL org
repr: None -> <Module repr /usr/lib/python2.7/repr.pyc imports=[('__builtin__', 0, 0, -1), ('itertools', 0, 0, -1), ('itertools.islice', 0, 0, -1)] binaries=[] datas=[]>
exceptions: None -> <Module exceptions None imports=[] binaries=[] datas=[]>
itertools: None -> <Module itertools None imports=[] binaries=[] datas=[]>
traceback: None -> <Module traceback /usr/lib/python2.7/traceback.pyc imports=[('linecache', 0, 0, -1), ('sys', 0, 0, -1), ('types', 0, 0, -1)] binaries=[] datas=[]>
gc: None -> <Module gc None imports=[] binaries=[] datas=[]>
signal: None -> <Module signal None imports=[] binaries=[] datas=[]>
threading: None -> <Module threading /usr/lib/python2.7/threading.pyc imports=[('sys', 0, 0, -1), ('thread', 0, 0, -1), ('warnings', 0, 0, -1), ('collections', 0, 0, -1), ('collections.deque', 0, 0, -1), ('time', 0, 0, -1), ('time.time', 0, 0, -1), ('time.sleep', 0, 0, -1), ('traceback', 0, 0, -1), ('traceback.format_exc', 0, 0, -1), ('thread', 0, 0, -1), ('thread.stack_size', 0, 0, -1), ('thread', 0, 0, -1), ('thread._local', 0, 0, -1), ('_threading_local', 0, 1, -1), ('_threading_local.local', 0, 1, -1), ('random', 1, 0, -1), ('random.random', 1, 0, -1)] binaries=[] datas=[]>
msvcrt: None -> None
  DEL msvcrt
_subprocess: None -> None
  DEL _subprocess
select: None -> <Module select None imports=[] binaries=[] datas=[]>
fcntl: None -> <Module fcntl None imports=[] binaries=[] datas=[]>
pickle: None -> <Module pickle /usr/lib/python2.7/pickle.pyc imports=[('types', 0, 0, -1), ('types.*', 0, 0, -1), ('copy_reg', 0, 0, -1), ('copy_reg.dispatch_table', 0, 0, -1), ('copy_reg', 0, 0, -1), ('copy_reg._extension_registry', 0, 0, -1), ('copy_reg._inverted_registry', 0, 0, -1), ('copy_reg._extension_cache', 0, 0, -1), ('marshal', 0, 0, -1), ('sys', 0, 0, -1), ('struct', 0, 0, -1), ('re', 0, 0, -1), ('org.python.core', 0, 0, -1), ('org.python.core.PyStringMap', 0, 0, -1), ('binascii', 0, 0, -1), ('cStringIO', 0, 0, -1), ('cStringIO.StringIO', 0, 0, -1), ('StringIO', 0, 1, -1), ('StringIO.StringIO', 0, 1, -1), ('doctest', 1, 0, -1)] binaries=[] datas=[]>
_subprocess: None -> None
  DEL _subprocess
_subprocess: None -> None
  DEL _subprocess
_subprocess: None -> None
  DEL _subprocess
_subprocess: None -> None
  DEL _subprocess
_subprocess: None -> None
  DEL _subprocess
_subprocess: None -> None
  DEL _subprocess
_subprocess: None -> None
  DEL _subprocess
_subprocess: None -> None
  DEL _subprocess
_subprocess: None -> None
  DEL _subprocess
thread: None -> <Module thread None imports=[] binaries=[] datas=[]>
collections: None -> <Module collections /usr/lib/python2.7/collections.pyc imports=[('_abcoll', 0, 0, -1), ('_abcoll.*', 0, 0, -1), ('_abcoll', 0, 0, -1), ('_collections', 0, 0, -1), ('_collections.deque', 0, 0, -1), ('_collections.defaultdict', 0, 0, -1), ('operator', 0, 0, -1), ('operator.itemgetter', 0, 0, -1), ('keyword', 0, 0, -1), ('keyword.iskeyword', 0, 0, -1), ('sys', 0, 0, -1), ('heapq', 0, 0, -1), ('itertools', 0, 0, -1), ('itertools.repeat', 0, 0, -1), ('itertools.chain', 0, 0, -1), ('itertools.starmap', 0, 0, -1), ('thread', 0, 0, -1), ('thread.get_ident', 0, 0, -1), ('dummy_thread', 0, 1, -1), ('dummy_thread.get_ident', 0, 1, -1), ('cPickle', 0, 1, -1), ('cPickle.loads', 0, 1, -1), ('cPickle.dumps', 0, 1, -1), ('doctest', 0, 1, -1)] binaries=[] datas=[]>
time: None -> <Module time None imports=[] binaries=[] datas=[]>
_threading_local: None -> <Module _threading_local /usr/lib/python2.7/_threading_local.pyc imports=[('threading', 0, 0, -1), ('threading.current_thread', 0, 0, -1), ('threading.RLock', 0, 0, -1), ('threading', 1, 0, -1)] binaries=[] datas=[]>
random: None -> <Module random /usr/lib/python2.7/random.pyc imports=[('__future__', 0, 0, -1), ('__future__.division', 0, 0, -1), ('warnings', 0, 0, -1), ('warnings.warn', 0, 0, -1), ('types', 0, 0, -1), ('types.MethodType', 0, 0, -1), ('types.BuiltinMethodType', 0, 0, -1), ('math', 0, 0, -1), ('math.log', 0, 0, -1), ('math.exp', 0, 0, -1), ('math.pi', 0, 0, -1), ('math.e', 0, 0, -1), ('math.ceil', 0, 0, -1), ('math', 0, 0, -1), ('math.sqrt', 0, 0, -1), ('math.acos', 0, 0, -1), ('math.cos', 0, 0, -1), ('math.sin', 0, 0, -1), ('os', 0, 0, -1), ('os.urandom', 0, 0, -1), ('binascii', 0, 0, -1), ('binascii.hexlify', 0, 0, -1), ('hashlib', 0, 0, -1), ('_random', 0, 0, -1), ('time', 1, 1, -1), ('time', 1, 1, -1), ('time', 1, 1, -1), ('time', 1, 0, -1)] binaries=[] datas=[]>
_collections: None -> <Module _collections None imports=[] binaries=[] datas=[]>
operator: None -> <Module operator None imports=[] binaries=[] datas=[]>
keyword: None -> <Module keyword /usr/lib/python2.7/keyword.pyc imports=[('sys', 1, 0, -1), ('re', 1, 0, -1)] binaries=[] datas=[]>
heapq: None -> <Module heapq /usr/lib/python2.7/heapq.pyc imports=[('itertools', 0, 0, -1), ('itertools.islice', 0, 0, -1), ('itertools.repeat', 0, 0, -1), ('itertools.count', 0, 0, -1), ('itertools.imap', 0, 0, -1), ('itertools.izip', 0, 0, -1), ('itertools.tee', 0, 0, -1), ('itertools.chain', 0, 0, -1), ('operator', 0, 0, -1), ('operator.itemgetter', 0, 0, -1), ('bisect', 0, 0, -1), ('_heapq', 0, 0, -1), ('_heapq.*', 0, 0, -1), ('doctest', 0, 1, -1)] binaries=[] datas=[]>
dummy_thread: None -> <Module dummy_thread /usr/lib/python2.7/dummy_thread.pyc imports=[('traceback', 0, 0, -1)] binaries=[] datas=[]>
cPickle: None -> <Module cPickle None imports=[] binaries=[] datas=[]>
doctest: None -> <Module doctest /usr/lib/python2.7/doctest.pyc imports=[('__future__', 0, 0, -1), ('sys', 0, 0, -1), ('traceback', 0, 0, -1), ('inspect', 0, 0, -1), ('linecache', 0, 0, -1), ('os', 0, 0, -1), ('re', 0, 0, -1), ('unittest', 0, 0, -1), ('difflib', 0, 0, -1), ('pdb', 0, 0, -1), ('tempfile', 0, 0, -1), ('warnings', 0, 0, -1), ('StringIO', 0, 0, -1), ('StringIO.StringIO', 0, 0, -1), ('collections', 0, 0, -1), ('collections.namedtuple', 0, 0, -1), ('types', 1, 0, -1), ('types', 1, 0, -1), ('pdb', 1, 0, -1)] binaries=[] datas=[]>
bisect: None -> <Module bisect /usr/lib/python2.7/bisect.pyc imports=[('_bisect', 0, 0, -1), ('_bisect.*', 0, 0, -1)] binaries=[] datas=[]>
_heapq: None -> <Module _heapq None imports=[] binaries=[] datas=[]>
_bisect: None -> <Module _bisect None imports=[] binaries=[] datas=[]>
__future__: None -> <Module __future__ /usr/lib/python2.7/__future__.pyc imports=[] binaries=[] datas=[]>
inspect: None -> <Module inspect /usr/lib/python2.7/inspect.pyc imports=[('sys', 0, 0, -1), ('os', 0, 0, -1), ('types', 0, 0, -1), ('string', 0, 0, -1), ('re', 0, 0, -1), ('dis', 0, 0, -1), ('imp', 0, 0, -1), ('tokenize', 0, 0, -1), ('linecache', 0, 0, -1), ('operator', 0, 0, -1), ('operator.attrgetter', 0, 0, -1), ('collections', 0, 0, -1), ('collections.namedtuple', 0, 0, -1)] binaries=[] datas=[]>
unittest: None -> <Module unittest /usr/lib/python2.7/unittest/__init__.pyc imports=[('result', 0, 0, 1), ('result.TestResult', 0, 0, 1), ('case', 0, 0, 1), ('case.TestCase', 0, 0, 1), ('case.FunctionTestCase', 0, 0, 1), ('case.SkipTest', 0, 0, 1), ('case.skip', 0, 0, 1), ('case.skipIf', 0, 0, 1), ('case.skipUnless', 0, 0, 1), ('case.expectedFailure', 0, 0, 1), ('suite', 0, 0, 1), ('suite.BaseTestSuite', 0, 0, 1), ('suite.TestSuite', 0, 0, 1), ('loader', 0, 0, 1), ('loader.TestLoader', 0, 0, 1), ('loader.defaultTestLoader', 0, 0, 1), ('loader.makeSuite', 0, 0, 1), ('loader.getTestCaseNames', 0, 0, 1), ('loader.findTestCases', 0, 0, 1), ('main', 0, 0, 1), ('main.TestProgram', 0, 0, 1), ('main.main', 0, 0, 1), ('runner', 0, 0, 1), ('runner.TextTestRunner', 0, 0, 1), ('runner.TextTestResult', 0, 0, 1), ('signals', 0, 0, 1), ('signals.installHandler', 0, 0, 1), ('signals.registerResult', 0, 0, 1), ('signals.removeResult', 0, 0, 1), ('signals.removeHandler', 0, 0, 1)] binaries=[] datas=[]>
difflib: None -> <Module difflib /usr/lib/python2.7/difflib.pyc imports=[('heapq', 0, 0, -1), ('collections', 0, 0, -1), ('collections.namedtuple', 0, 0, -1), ('functools', 0, 0, -1), ('functools.reduce', 0, 0, -1), ('re', 0, 0, -1), ('re', 1, 0, -1), ('doctest', 1, 0, -1), ('difflib', 1, 0, -1)] binaries=[] datas=[]>
pdb: None -> <Module pdb /usr/lib/python2.7/pdb.pyc imports=[('sys', 0, 0, -1), ('linecache', 0, 0, -1), ('cmd', 0, 0, -1), ('bdb', 0, 0, -1), ('repr', 0, 0, -1), ('repr.Repr', 0, 0, -1), ('os', 0, 0, -1), ('re', 0, 0, -1), ('pprint', 0, 0, -1), ('traceback', 0, 0, -1), ('pdb', 0, 1, -1), ('readline', 1, 0, -1), ('shlex', 1, 1, -1), ('__main__', 1, 0, -1)] binaries=[] datas=[]>
tempfile: None -> <Module tempfile /usr/lib/python2.7/tempfile.pyc imports=[('os', 0, 0, -1), ('errno', 0, 0, -1), ('random', 0, 0, -1), ('random.Random', 0, 0, -1), ('cStringIO', 0, 0, -1), ('cStringIO.StringIO', 0, 0, -1), ('StringIO', 0, 1, -1), ('StringIO.StringIO', 0, 1, -1), ('fcntl', 0, 0, -1), ('thread', 0, 0, -1), ('dummy_thread', 0, 1, -1)] binaries=[] datas=[]>
StringIO: None -> <Module StringIO /usr/lib/python2.7/StringIO.pyc imports=[('errno', 0, 0, -1), ('errno.EINVAL', 0, 0, -1), ('sys', 1, 0, -1)] binaries=[] datas=[]>
dis: None -> <Module dis /usr/lib/python2.7/dis.pyc imports=[('sys', 0, 0, -1), ('types', 0, 0, -1), ('opcode', 0, 0, -1), ('opcode.*', 0, 0, -1), ('opcode', 0, 0, -1), ('opcode.__all__', 0, 0, -1)] binaries=[] datas=[]>
tokenize: None -> <Module tokenize /usr/lib/python2.7/tokenize.pyc imports=[('string', 0, 0, -1), ('re', 0, 0, -1), ('token', 0, 0, -1), ('token.*', 0, 0, -1), ('token', 0, 0, -1), ('sys', 0, 1, -1)] binaries=[] datas=[]>
opcode: None -> <Module opcode /usr/lib/python2.7/opcode.pyc imports=[] binaries=[] datas=[]>
token: None -> <Module token /usr/lib/python2.7/token.pyc imports=[('re', 1, 0, -1), ('sys', 1, 0, -1)] binaries=[] datas=[]>
unittest.result: None -> <Module unittest.result /usr/lib/python2.7/unittest/result.pyc imports=[('os', 0, 0, -1), ('sys', 0, 0, -1), ('traceback', 0, 0, -1), ('StringIO', 0, 0, -1), ('StringIO.StringIO', 0, 0, -1), ('', 0, 0, 1), ('util', 0, 0, 1), ('functools', 0, 0, -1), ('functools.wraps', 0, 0, -1)] binaries=[] datas=[]>
unittest.case: None -> <Module unittest.case /usr/lib/python2.7/unittest/case.pyc imports=[('collections', 0, 0, -1), ('sys', 0, 0, -1), ('functools', 0, 0, -1), ('difflib', 0, 0, -1), ('pprint', 0, 0, -1), ('re', 0, 0, -1), ('types', 0, 0, -1), ('warnings', 0, 0, -1), ('', 0, 0, 1), ('result', 0, 0, 1), ('util', 0, 0, 1), ('util.strclass', 0, 0, 1), ('util.safe_repr', 0, 0, 1), ('util.unorderable_list_difference', 0, 0, 1), ('util._count_diff_all_purpose', 0, 0, 1), ('util._count_diff_hashable', 0, 0, 1)] binaries=[] datas=[]>
unittest.suite: None -> <Module unittest.suite /usr/lib/python2.7/unittest/suite.pyc imports=[('sys', 0, 0, -1), ('', 0, 0, 1), ('case', 0, 0, 1), ('', 0, 0, 1), ('util', 0, 0, 1)] binaries=[] datas=[]>
unittest.loader: None -> <Module unittest.loader /usr/lib/python2.7/unittest/loader.pyc imports=[('os', 0, 0, -1), ('re', 0, 0, -1), ('sys', 0, 0, -1), ('traceback', 0, 0, -1), ('types', 0, 0, -1), ('functools', 0, 0, -1), ('functools.cmp_to_key', 0, 0, -1), ('fnmatch', 0, 0, -1), ('fnmatch.fnmatch', 0, 0, -1), ('', 0, 0, 1), ('case', 0, 0, 1), ('suite', 0, 0, 1)] binaries=[] datas=[]>
unittest.main: None -> <Module unittest.main /usr/lib/python2.7/unittest/main.pyc imports=[('sys', 0, 0, -1), ('os', 0, 0, -1), ('types', 0, 0, -1), ('', 0, 0, 1), ('loader', 0, 0, 1), ('runner', 0, 0, 1), ('signals', 0, 0, 1), ('signals.installHandler', 0, 0, 1), ('getopt', 1, 0, -1), ('optparse', 1, 0, -1)] binaries=[] datas=[]>
unittest.runner: None -> <Module unittest.runner /usr/lib/python2.7/unittest/runner.pyc imports=[('sys', 0, 0, -1), ('time', 0, 0, -1), ('', 0, 0, 1), ('result', 0, 0, 1), ('signals', 0, 0, 1), ('signals.registerResult', 0, 0, 1)] binaries=[] datas=[]>
unittest.signals: None -> <Module unittest.signals /usr/lib/python2.7/unittest/signals.pyc imports=[('signal', 0, 0, -1), ('weakref', 0, 0, -1), ('functools', 0, 0, -1), ('functools.wraps', 0, 0, -1)] binaries=[] datas=[]>
unittest.os: None -> None
unittest.sys: None -> None
unittest.traceback: None -> None
unittest.StringIO: None -> None
unittest.util: None -> <Module unittest.util /usr/lib/python2.7/unittest/util.pyc imports=[('collections', 0, 0, -1), ('collections.namedtuple', 0, 0, -1), ('collections.OrderedDict', 0, 0, -1)] binaries=[] datas=[]>
unittest.functools: None -> None
functools: None -> <Module functools /usr/lib/python2.7/functools.pyc imports=[('_functools', 0, 0, -1), ('_functools.partial', 0, 0, -1), ('_functools.reduce', 0, 0, -1)] binaries=[] datas=[]>
unittest.collections: None -> None
_functools: None -> <Module _functools None imports=[] binaries=[] datas=[]>
unittest.difflib: None -> None
unittest.pprint: None -> None
pprint: None -> <Module pprint /usr/lib/python2.7/pprint.pyc imports=[('sys', 0, 0, -1), ('warnings', 0, 0, -1), ('cStringIO', 0, 0, -1), ('cStringIO.StringIO', 0, 0, -1), ('time', 1, 0, -1)] binaries=[] datas=[]>
unittest.re: None -> None
unittest.types: None -> None
unittest.warnings: None -> None
cStringIO: None -> <Module cStringIO None imports=[] binaries=[] datas=[]>
_strptime: None -> <Module _strptime /usr/lib/python2.7/_strptime.pyc imports=[('time', 0, 0, -1), ('locale', 0, 0, -1), ('calendar', 0, 0, -1), ('re', 0, 0, -1), ('re.compile', 0, 0, -1), ('re', 0, 0, -1), ('re.IGNORECASE', 0, 0, -1), ('re', 0, 0, -1), ('re.escape', 0, 0, -1), ('datetime', 0, 0, -1), ('datetime.date', 0, 0, -1), ('thread', 0, 0, -1), ('thread.allocate_lock', 0, 0, -1), ('dummy_thread', 0, 0, -1), ('dummy_thread.allocate_lock', 0, 0, -1)] binaries=[] datas=[]>
locale: None -> <Module locale /usr/lib/python2.7/locale.pyc imports=[('sys', 0, 0, -1), ('encodings', 0, 0, -1), ('encodings.aliases', 0, 0, -1), ('re', 0, 0, -1), ('operator', 0, 0, -1), ('functools', 0, 0, -1), ('_locale', 0, 0, -1), ('_locale.*', 0, 0, -1), ('_locale', 1, 0, -1), ('os', 1, 0, -1), ('_locale', 1, 0, -1)] binaries=[] datas=[]>
calendar: None -> <Module calendar /usr/lib/python2.7/calendar.pyc imports=[('sys', 0, 0, -1), ('datetime', 0, 0, -1), ('locale', 0, 0, -1), ('optparse', 1, 0, -1)] binaries=[] datas=[]>
datetime: None -> <Module datetime /usr/lib/python2.7/lib-dynload/datetime.so imports=[] binaries=[] datas=[]>
encodings: None -> <Module encodings /usr/lib/python2.7/encodings/__init__.pyc imports=[('codecs', 0, 0, -1), ('encodings', 0, 0, -1), ('encodings.aliases', 0, 0, -1), ('__builtin__', 0, 0, -1)] binaries=[] datas=[]>
encodings.aliases: None -> <Module encodings.aliases /usr/lib/python2.7/encodings/aliases.pyc imports=[] binaries=[] datas=[]>
_locale: None -> <Module _locale None imports=[] binaries=[] datas=[]>
encodings.codecs: None -> None
codecs: None -> <Module codecs /usr/lib/python2.7/codecs.pyc imports=[('__builtin__', 0, 0, -1), ('sys', 0, 0, -1), ('_codecs', 0, 0, -1), ('_codecs.*', 0, 0, -1), ('encodings', 0, 1, -1)] binaries=[] datas=[]>
encodings.encodings: None -> None
encodings.__builtin__: None -> None
encodings.cp862: None -> <Module encodings.cp862 /usr/lib/python2.7/encodings/cp862.pyc imports=[('codecs', 0, 0, -1)] binaries=[] datas=[]>
encodings.iso8859_7: None -> <Module encodings.iso8859_7 /usr/lib/python2.7/encodings/iso8859_7.pyc imports=[('codecs', 0, 0, -1)] binaries=[] datas=[]>
encodings.euc_jp: None -> <Module encodings.euc_jp /usr/lib/python2.7/encodings/euc_jp.pyc imports=[('_codecs_jp', 0, 0, -1), ('codecs', 0, 0, -1), ('_multibytecodec', 0, 0, -1)] binaries=[] datas=[]>
encodings.bz2_codec: None -> <Module encodings.bz2_codec /usr/lib/python2.7/encodings/bz2_codec.pyc imports=[('codecs', 0, 0, -1), ('bz2', 0, 0, -1)] binaries=[] datas=[]>
encodings.cp424: None -> <Module encodings.cp424 /usr/lib/python2.7/encodings/cp424.pyc imports=[('codecs', 0, 0, -1)] binaries=[] datas=[]>
encodings.mac_latin2: None -> <Module encodings.mac_latin2 /usr/lib/python2.7/encodings/mac_latin2.pyc imports=[('codecs', 0, 0, -1)] binaries=[] datas=[]>
encodings.iso8859_2: None -> <Module encodings.iso8859_2 /usr/lib/python2.7/encodings/iso8859_2.pyc imports=[('codecs', 0, 0, -1)] binaries=[] datas=[]>
encodings.shift_jisx0213: None -> <Module encodings.shift_jisx0213 /usr/lib/python2.7/encodings/shift_jisx0213.pyc imports=[('_codecs_jp', 0, 0, -1), ('codecs', 0, 0, -1), ('_multibytecodec', 0, 0, -1)] binaries=[] datas=[]>
encodings.undefined: None -> <Module encodings.undefined /usr/lib/python2.7/encodings/undefined.pyc imports=[('codecs', 0, 0, -1)] binaries=[] datas=[]>
encodings.hz: None -> <Module encodings.hz /usr/lib/python2.7/encodings/hz.pyc imports=[('_codecs_cn', 0, 0, -1), ('codecs', 0, 0, -1), ('_multibytecodec', 0, 0, -1)] binaries=[] datas=[]>
encodings.mac_romanian: None -> <Module encodings.mac_romanian /usr/lib/python2.7/encodings/mac_romanian.pyc imports=[('codecs', 0, 0, -1)] binaries=[] datas=[]>
encodings.cp863: None -> <Module encodings.cp863 /usr/lib/python2.7/encodings/cp863.pyc imports=[('codecs', 0, 0, -1)] binaries=[] datas=[]>
encodings.cp1256: None -> <Module encodings.cp1256 /usr/lib/python2.7/encodings/cp1256.pyc imports=[('codecs', 0, 0, -1)] binaries=[] datas=[]>
encodings.quopri_codec: None -> <Module encodings.quopri_codec /usr/lib/python2.7/encodings/quopri_codec.pyc imports=[('codecs', 0, 0, -1), ('quopri', 0, 0, -1), ('cStringIO', 0, 0, -1), ('cStringIO.StringIO', 0, 0, -1), ('StringIO', 0, 1, -1), ('StringIO.StringIO', 0, 1, -1)] binaries=[] datas=[]>
encodings.base64_codec: None -> <Module encodings.base64_codec /usr/lib/python2.7/encodings/base64_codec.pyc imports=[('codecs', 0, 0, -1), ('base64', 0, 0, -1)] binaries=[] datas=[]>
encodings.cp860: None -> <Module encodings.cp860 /usr/lib/python2.7/encodings/cp860.pyc imports=[('codecs', 0, 0, -1)] binaries=[] datas=[]>
encodings.cp1252: None -> <Module encodings.cp1252 /usr/lib/python2.7/encodings/cp1252.pyc imports=[('codecs', 0, 0, -1)] binaries=[] datas=[]>
encodings.iso2022_jp_1: None -> <Module encodings.iso2022_jp_1 /usr/lib/python2.7/encodings/iso2022_jp_1.pyc imports=[('_codecs_iso2022', 0, 0, -1), ('codecs', 0, 0, -1), ('_multibytecodec', 0, 0, -1)] binaries=[] datas=[]>
encodings.mac_roman: None -> <Module encodings.mac_roman /usr/lib/python2.7/encodings/mac_roman.pyc imports=[('codecs', 0, 0, -1)] binaries=[] datas=[]>
encodings.cp856: None -> <Module encodings.cp856 /usr/lib/python2.7/encodings/cp856.pyc imports=[('codecs', 0, 0, -1)] binaries=[] datas=[]>
encodings.iso8859_3: None -> <Module encodings.iso8859_3 /usr/lib/python2.7/encodings/iso8859_3.pyc imports=[('codecs', 0, 0, -1)] binaries=[] datas=[]>
encodings.iso8859_8: None -> <Module encodings.iso8859_8 /usr/lib/python2.7/encodings/iso8859_8.pyc imports=[('codecs', 0, 0, -1)] binaries=[] datas=[]>
encodings.iso2022_jp_2004: None -> <Module encodings.iso2022_jp_2004 /usr/lib/python2.7/encodings/iso2022_jp_2004.pyc imports=[('_codecs_iso2022', 0, 0, -1), ('codecs', 0, 0, -1), ('_multibytecodec', 0, 0, -1)] binaries=[] datas=[]>
encodings.iso2022_jp_2: None -> <Module encodings.iso2022_jp_2 /usr/lib/python2.7/encodings/iso2022_jp_2.pyc imports=[('_codecs_iso2022', 0, 0, -1), ('codecs', 0, 0, -1), ('_multibytecodec', 0, 0, -1)] binaries=[] datas=[]>
encodings.unicode_internal: None -> <Module encodings.unicode_internal /usr/lib/python2.7/encodings/unicode_internal.pyc imports=[('codecs', 0, 0, -1)] binaries=[] datas=[]>
encodings.utf_8: None -> <Module encodings.utf_8 /usr/lib/python2.7/encodings/utf_8.pyc imports=[('codecs', 0, 0, -1)] binaries=[] datas=[]>
encodings.iso8859_9: None -> <Module encodings.iso8859_9 /usr/lib/python2.7/encodings/iso8859_9.pyc imports=[('codecs', 0, 0, -1)] binaries=[] datas=[]>
encodings.utf_7: None -> <Module encodings.utf_7 /usr/lib/python2.7/encodings/utf_7.pyc imports=[('codecs', 0, 0, -1)] binaries=[] datas=[]>
encodings.euc_jisx0213: None -> <Module encodings.euc_jisx0213 /usr/lib/python2.7/encodings/euc_jisx0213.pyc imports=[('_codecs_jp', 0, 0, -1), ('codecs', 0, 0, -1), ('_multibytecodec', 0, 0, -1)] binaries=[] datas=[]>
encodings.cp1140: None -> <Module encodings.cp1140 /usr/lib/python2.7/encodings/cp1140.pyc imports=[('codecs', 0, 0, -1)] binaries=[] datas=[]>
encodings.cp875: None -> <Module encodings.cp875 /usr/lib/python2.7/encodings/cp875.pyc imports=[('codecs', 0, 0, -1)] binaries=[] datas=[]>
encodings.latin_1: None -> <Module encodings.latin_1 /usr/lib/python2.7/encodings/latin_1.pyc imports=[('codecs', 0, 0, -1)] binaries=[] datas=[]>
encodings.iso2022_kr: None -> <Module encodings.iso2022_kr /usr/lib/python2.7/encodings/iso2022_kr.pyc imports=[('_codecs_iso2022', 0, 0, -1), ('codecs', 0, 0, -1), ('_multibytecodec', 0, 0, -1)] binaries=[] datas=[]>
encodings.gb18030: None -> <Module encodings.gb18030 /usr/lib/python2.7/encodings/gb18030.pyc imports=[('_codecs_cn', 0, 0, -1), ('codecs', 0, 0, -1), ('_multibytecodec', 0, 0, -1)] binaries=[] datas=[]>
encodings.euc_kr: None -> <Module encodings.euc_kr /usr/lib/python2.7/encodings/euc_kr.pyc imports=[('_codecs_kr', 0, 0, -1), ('codecs', 0, 0, -1), ('_multibytecodec', 0, 0, -1)] binaries=[] datas=[]>
encodings.cp855: None -> <Module encodings.cp855 /usr/lib/python2.7/encodings/cp855.pyc imports=[('codecs', 0, 0, -1)] binaries=[] datas=[]>
encodings.utf_32: None -> <Module encodings.utf_32 /usr/lib/python2.7/encodings/utf_32.pyc imports=[('codecs', 0, 0, -1), ('sys', 0, 0, -1)] binaries=[] datas=[]>
encodings.iso2022_jp_ext: None -> <Module encodings.iso2022_jp_ext /usr/lib/python2.7/encodings/iso2022_jp_ext.pyc imports=[('_codecs_iso2022', 0, 0, -1), ('codecs', 0, 0, -1), ('_multibytecodec', 0, 0, -1)] binaries=[] datas=[]>
encodings.gbk: None -> <Module encodings.gbk /usr/lib/python2.7/encodings/gbk.pyc imports=[('_codecs_cn', 0, 0, -1), ('codecs', 0, 0, -1), ('_multibytecodec', 0, 0, -1)] binaries=[] datas=[]>
encodings.iso2022_jp_3: None -> <Module encodings.iso2022_jp_3 /usr/lib/python2.7/encodings/iso2022_jp_3.pyc imports=[('_codecs_iso2022', 0, 0, -1), ('codecs', 0, 0, -1), ('_multibytecodec', 0, 0, -1)] binaries=[] datas=[]>
encodings.rot_13: None -> <Module encodings.rot_13 /usr/lib/python2.7/encodings/rot_13.pyc imports=[('codecs', 0, 0, -1), ('sys', 0, 1, -1)] binaries=[] datas=[]>
encodings.mac_iceland: None -> <Module encodings.mac_iceland /usr/lib/python2.7/encodings/mac_iceland.pyc imports=[('codecs', 0, 0, -1)] binaries=[] datas=[]>
encodings.ascii: None -> <Module encodings.ascii /usr/lib/python2.7/encodings/ascii.pyc imports=[('codecs', 0, 0, -1)] binaries=[] datas=[]>
encodings.utf_32_le: None -> <Module encodings.utf_32_le /usr/lib/python2.7/encodings/utf_32_le.pyc imports=[('codecs', 0, 0, -1)] binaries=[] datas=[]>
encodings.big5hkscs: None -> <Module encodings.big5hkscs /usr/lib/python2.7/encodings/big5hkscs.pyc imports=[('_codecs_hk', 0, 0, -1), ('codecs', 0, 0, -1), ('_multibytecodec', 0, 0, -1)] binaries=[] datas=[]>
encodings.cp864: None -> <Module encodings.cp864 /usr/lib/python2.7/encodings/cp864.pyc imports=[('codecs', 0, 0, -1)] binaries=[] datas=[]>
encodings.cp949: None -> <Module encodings.cp949 /usr/lib/python2.7/encodings/cp949.pyc imports=[('_codecs_kr', 0, 0, -1), ('codecs', 0, 0, -1), ('_multibytecodec', 0, 0, -1)] binaries=[] datas=[]>
encodings.koi8_r: None -> <Module encodings.koi8_r /usr/lib/python2.7/encodings/koi8_r.pyc imports=[('codecs', 0, 0, -1)] binaries=[] datas=[]>
encodings.cp866: None -> <Module encodings.cp866 /usr/lib/python2.7/encodings/cp866.pyc imports=[('codecs', 0, 0, -1)] binaries=[] datas=[]>
encodings.cp1251: None -> <Module encodings.cp1251 /usr/lib/python2.7/encodings/cp1251.pyc imports=[('codecs', 0, 0, -1)] binaries=[] datas=[]>
encodings.euc_jis_2004: None -> <Module encodings.euc_jis_2004 /usr/lib/python2.7/encodings/euc_jis_2004.pyc imports=[('_codecs_jp', 0, 0, -1), ('codecs', 0, 0, -1), ('_multibytecodec', 0, 0, -1)] binaries=[] datas=[]>
encodings.mac_croatian: None -> <Module encodings.mac_croatian /usr/lib/python2.7/encodings/mac_croatian.pyc imports=[('codecs', 0, 0, -1)] binaries=[] datas=[]>
encodings.cp869: None -> <Module encodings.cp869 /usr/lib/python2.7/encodings/cp869.pyc imports=[('codecs', 0, 0, -1)] binaries=[] datas=[]>
encodings.iso8859_4: None -> <Module encodings.iso8859_4 /usr/lib/python2.7/encodings/iso8859_4.pyc imports=[('codecs', 0, 0, -1)] binaries=[] datas=[]>
encodings.charmap: None -> <Module encodings.charmap /usr/lib/python2.7/encodings/charmap.pyc imports=[('codecs', 0, 0, -1)] binaries=[] datas=[]>
encodings.iso8859_15: None -> <Module encodings.iso8859_15 /usr/lib/python2.7/encodings/iso8859_15.pyc imports=[('codecs', 0, 0, -1)] binaries=[] datas=[]>
encodings.cp500: None -> <Module encodings.cp500 /usr/lib/python2.7/encodings/cp500.pyc imports=[('codecs', 0, 0, -1)] binaries=[] datas=[]>
encodings.utf_16: None -> <Module encodings.utf_16 /usr/lib/python2.7/encodings/utf_16.pyc imports=[('codecs', 0, 0, -1), ('sys', 0, 0, -1)] binaries=[] datas=[]>
encodings.utf_16_be: None -> <Module encodings.utf_16_be /usr/lib/python2.7/encodings/utf_16_be.pyc imports=[('codecs', 0, 0, -1)] binaries=[] datas=[]>
encodings.cp1255: None -> <Module encodings.cp1255 /usr/lib/python2.7/encodings/cp1255.pyc imports=[('codecs', 0, 0, -1)] binaries=[] datas=[]>
encodings.zlib_codec: None -> <Module encodings.zlib_codec /usr/lib/python2.7/encodings/zlib_codec.pyc imports=[('codecs', 0, 0, -1), ('zlib', 0, 0, -1)] binaries=[] datas=[]>
encodings.cp865: None -> <Module encodings.cp865 /usr/lib/python2.7/encodings/cp865.pyc imports=[('codecs', 0, 0, -1)] binaries=[] datas=[]>
encodings.hp_roman8: None -> <Module encodings.hp_roman8 /usr/lib/python2.7/encodings/hp_roman8.pyc imports=[('codecs', 0, 0, -1)] binaries=[] datas=[]>
encodings.ptcp154: None -> <Module encodings.ptcp154 /usr/lib/python2.7/encodings/ptcp154.pyc imports=[('codecs', 0, 0, -1)] binaries=[] datas=[]>
encodings.unicode_escape: None -> <Module encodings.unicode_escape /usr/lib/python2.7/encodings/unicode_escape.pyc imports=[('codecs', 0, 0, -1)] binaries=[] datas=[]>
encodings.utf_8_sig: None -> <Module encodings.utf_8_sig /usr/lib/python2.7/encodings/utf_8_sig.pyc imports=[('codecs', 0, 0, -1)] binaries=[] datas=[]>
encodings.cp1006: None -> <Module encodings.cp1006 /usr/lib/python2.7/encodings/cp1006.pyc imports=[('codecs', 0, 0, -1)] binaries=[] datas=[]>
encodings.palmos: None -> <Module encodings.palmos /usr/lib/python2.7/encodings/palmos.pyc imports=[('codecs', 0, 0, -1)] binaries=[] datas=[]>
encodings.cp861: None -> <Module encodings.cp861 /usr/lib/python2.7/encodings/cp861.pyc imports=[('codecs', 0, 0, -1)] binaries=[] datas=[]>
encodings.mac_centeuro: None -> <Module encodings.mac_centeuro /usr/lib/python2.7/encodings/mac_centeuro.pyc imports=[('codecs', 0, 0, -1)] binaries=[] datas=[]>
encodings.cp1257: None -> <Module encodings.cp1257 /usr/lib/python2.7/encodings/cp1257.pyc imports=[('codecs', 0, 0, -1)] binaries=[] datas=[]>
encodings.cp737: None -> <Module encodings.cp737 /usr/lib/python2.7/encodings/cp737.pyc imports=[('codecs', 0, 0, -1)] binaries=[] datas=[]>
encodings.johab: None -> <Module encodings.johab /usr/lib/python2.7/encodings/johab.pyc imports=[('_codecs_kr', 0, 0, -1), ('codecs', 0, 0, -1), ('_multibytecodec', 0, 0, -1)] binaries=[] datas=[]>
encodings.mac_farsi: None -> <Module encodings.mac_farsi /usr/lib/python2.7/encodings/mac_farsi.pyc imports=[('codecs', 0, 0, -1)] binaries=[] datas=[]>
encodings.punycode: None -> <Module encodings.punycode /usr/lib/python2.7/encodings/punycode.pyc imports=[('codecs', 0, 0, -1)] binaries=[] datas=[]>
encodings.shift_jis_2004: None -> <Module encodings.shift_jis_2004 /usr/lib/python2.7/encodings/shift_jis_2004.pyc imports=[('_codecs_jp', 0, 0, -1), ('codecs', 0, 0, -1), ('_multibytecodec', 0, 0, -1)] binaries=[] datas=[]>
encodings.iso8859_13: None -> <Module encodings.iso8859_13 /usr/lib/python2.7/encodings/iso8859_13.pyc imports=[('codecs', 0, 0, -1)] binaries=[] datas=[]>
encodings.mac_turkish: None -> <Module encodings.mac_turkish /usr/lib/python2.7/encodings/mac_turkish.pyc imports=[('codecs', 0, 0, -1)] binaries=[] datas=[]>
encodings.cp850: None -> <Module encodings.cp850 /usr/lib/python2.7/encodings/cp850.pyc imports=[('codecs', 0, 0, -1)] binaries=[] datas=[]>
encodings.iso8859_6: None -> <Module encodings.iso8859_6 /usr/lib/python2.7/encodings/iso8859_6.pyc imports=[('codecs', 0, 0, -1)] binaries=[] datas=[]>
encodings.iso8859_1: None -> <Module encodings.iso8859_1 /usr/lib/python2.7/encodings/iso8859_1.pyc imports=[('codecs', 0, 0, -1)] binaries=[] datas=[]>
encodings.iso8859_5: None -> <Module encodings.iso8859_5 /usr/lib/python2.7/encodings/iso8859_5.pyc imports=[('codecs', 0, 0, -1)] binaries=[] datas=[]>
encodings.big5: None -> <Module encodings.big5 /usr/lib/python2.7/encodings/big5.pyc imports=[('_codecs_tw', 0, 0, -1), ('codecs', 0, 0, -1), ('_multibytecodec', 0, 0, -1)] binaries=[] datas=[]>
encodings.uu_codec: None -> <Module encodings.uu_codec /usr/lib/python2.7/encodings/uu_codec.pyc imports=[('codecs', 0, 0, -1), ('binascii', 0, 0, -1), ('cStringIO', 1, 0, -1), ('cStringIO.StringIO', 1, 0, -1), ('binascii', 1, 0, -1), ('binascii.b2a_uu', 1, 0, -1), ('cStringIO', 1, 0, -1), ('cStringIO.StringIO', 1, 0, -1), ('binascii', 1, 0, -1), ('binascii.a2b_uu', 1, 0, -1)] binaries=[] datas=[]>
encodings.cp1254: None -> <Module encodings.cp1254 /usr/lib/python2.7/encodings/cp1254.pyc imports=[('codecs', 0, 0, -1)] binaries=[] datas=[]>
encodings.koi8_u: None -> <Module encodings.koi8_u /usr/lib/python2.7/encodings/koi8_u.pyc imports=[('codecs', 0, 0, -1)] binaries=[] datas=[]>
encodings.cp037: None -> <Module encodings.cp037 /usr/lib/python2.7/encodings/cp037.pyc imports=[('codecs', 0, 0, -1)] binaries=[] datas=[]>
encodings.raw_unicode_escape: None -> <Module encodings.raw_unicode_escape /usr/lib/python2.7/encodings/raw_unicode_escape.pyc imports=[('codecs', 0, 0, -1)] binaries=[] datas=[]>
encodings.iso8859_10: None -> <Module encodings.iso8859_10 /usr/lib/python2.7/encodings/iso8859_10.pyc imports=[('codecs', 0, 0, -1)] binaries=[] datas=[]>
encodings.mbcs: None -> <Module encodings.mbcs /usr/lib/python2.7/encodings/mbcs.pyc imports=[('codecs', 0, 0, -1), ('codecs.mbcs_encode', 0, 0, -1), ('codecs.mbcs_decode', 0, 0, -1), ('codecs', 0, 0, -1)] binaries=[] datas=[]>
encodings.cp932: None -> <Module encodings.cp932 /usr/lib/python2.7/encodings/cp932.pyc imports=[('_codecs_jp', 0, 0, -1), ('codecs', 0, 0, -1), ('_multibytecodec', 0, 0, -1)] binaries=[] datas=[]>
encodings.cp720: None -> <Module encodings.cp720 /usr/lib/python2.7/encodings/cp720.pyc imports=[('codecs', 0, 0, -1)] binaries=[] datas=[]>
encodings.cp1026: None -> <Module encodings.cp1026 /usr/lib/python2.7/encodings/cp1026.pyc imports=[('codecs', 0, 0, -1)] binaries=[] datas=[]>
encodings.cp852: None -> <Module encodings.cp852 /usr/lib/python2.7/encodings/cp852.pyc imports=[('codecs', 0, 0, -1)] binaries=[] datas=[]>
encodings.cp1258: None -> <Module encodings.cp1258 /usr/lib/python2.7/encodings/cp1258.pyc imports=[('codecs', 0, 0, -1)] binaries=[] datas=[]>
encodings.mac_cyrillic: None -> <Module encodings.mac_cyrillic /usr/lib/python2.7/encodings/mac_cyrillic.pyc imports=[('codecs', 0, 0, -1)] binaries=[] datas=[]>
encodings.mac_greek: None -> <Module encodings.mac_greek /usr/lib/python2.7/encodings/mac_greek.pyc imports=[('codecs', 0, 0, -1)] binaries=[] datas=[]>
encodings.iso2022_jp: None -> <Module encodings.iso2022_jp /usr/lib/python2.7/encodings/iso2022_jp.pyc imports=[('_codecs_iso2022', 0, 0, -1), ('codecs', 0, 0, -1), ('_multibytecodec', 0, 0, -1)] binaries=[] datas=[]>
encodings.cp858: None -> <Module encodings.cp858 /usr/lib/python2.7/encodings/cp858.pyc imports=[('codecs', 0, 0, -1)] binaries=[] datas=[]>
encodings.utf_16_le: None -> <Module encodings.utf_16_le /usr/lib/python2.7/encodings/utf_16_le.pyc imports=[('codecs', 0, 0, -1)] binaries=[] datas=[]>
encodings.string_escape: None -> <Module encodings.string_escape /usr/lib/python2.7/encodings/string_escape.pyc imports=[('codecs', 0, 0, -1)] binaries=[] datas=[]>
encodings.tis_620: None -> <Module encodings.tis_620 /usr/lib/python2.7/encodings/tis_620.pyc imports=[('codecs', 0, 0, -1)] binaries=[] datas=[]>
encodings.cp1253: None -> <Module encodings.cp1253 /usr/lib/python2.7/encodings/cp1253.pyc imports=[('codecs', 0, 0, -1)] binaries=[] datas=[]>
encodings.cp437: None -> <Module encodings.cp437 /usr/lib/python2.7/encodings/cp437.pyc imports=[('codecs', 0, 0, -1)] binaries=[] datas=[]>
encodings.cp1250: None -> <Module encodings.cp1250 /usr/lib/python2.7/encodings/cp1250.pyc imports=[('codecs', 0, 0, -1)] binaries=[] datas=[]>
encodings.cp874: None -> <Module encodings.cp874 /usr/lib/python2.7/encodings/cp874.pyc imports=[('codecs', 0, 0, -1)] binaries=[] datas=[]>
encodings.cp857: None -> <Module encodings.cp857 /usr/lib/python2.7/encodings/cp857.pyc imports=[('codecs', 0, 0, -1)] binaries=[] datas=[]>
encodings.iso8859_16: None -> <Module encodings.iso8859_16 /usr/lib/python2.7/encodings/iso8859_16.pyc imports=[('codecs', 0, 0, -1)] binaries=[] datas=[]>
encodings.iso8859_11: None -> <Module encodings.iso8859_11 /usr/lib/python2.7/encodings/iso8859_11.pyc imports=[('codecs', 0, 0, -1)] binaries=[] datas=[]>
encodings.idna: None -> <Module encodings.idna /usr/lib/python2.7/encodings/idna.pyc imports=[('stringprep', 0, 0, -1), ('re', 0, 0, -1), ('codecs', 0, 0, -1), ('unicodedata', 0, 0, -1), ('unicodedata.ucd_3_2_0', 0, 0, -1)] binaries=[] datas=[]>
encodings.hex_codec: None -> <Module encodings.hex_codec /usr/lib/python2.7/encodings/hex_codec.pyc imports=[('codecs', 0, 0, -1), ('binascii', 0, 0, -1)] binaries=[] datas=[]>
encodings.utf_32_be: None -> <Module encodings.utf_32_be /usr/lib/python2.7/encodings/utf_32_be.pyc imports=[('codecs', 0, 0, -1)] binaries=[] datas=[]>
encodings.cp775: None -> <Module encodings.cp775 /usr/lib/python2.7/encodings/cp775.pyc imports=[('codecs', 0, 0, -1)] binaries=[] datas=[]>
encodings.shift_jis: None -> <Module encodings.shift_jis /usr/lib/python2.7/encodings/shift_jis.pyc imports=[('_codecs_jp', 0, 0, -1), ('codecs', 0, 0, -1), ('_multibytecodec', 0, 0, -1)] binaries=[] datas=[]>
encodings.gb2312: None -> <Module encodings.gb2312 /usr/lib/python2.7/encodings/gb2312.pyc imports=[('_codecs_cn', 0, 0, -1), ('codecs', 0, 0, -1), ('_multibytecodec', 0, 0, -1)] binaries=[] datas=[]>
encodings.iso8859_14: None -> <Module encodings.iso8859_14 /usr/lib/python2.7/encodings/iso8859_14.pyc imports=[('codecs', 0, 0, -1)] binaries=[] datas=[]>
encodings.cp950: None -> <Module encodings.cp950 /usr/lib/python2.7/encodings/cp950.pyc imports=[('_codecs_tw', 0, 0, -1), ('codecs', 0, 0, -1), ('_multibytecodec', 0, 0, -1)] binaries=[] datas=[]>
encodings.mac_arabic: None -> <Module encodings.mac_arabic /usr/lib/python2.7/encodings/mac_arabic.pyc imports=[('codecs', 0, 0, -1)] binaries=[] datas=[]>
_codecs: None -> <Module _codecs None imports=[] binaries=[] datas=[]>
encodings._codecs_jp: None -> None
_codecs_jp: None -> <Module _codecs_jp /usr/lib/python2.7/lib-dynload/_codecs_jp.so imports=[] binaries=[] datas=[]>
encodings._multibytecodec: None -> None
_multibytecodec: None -> <Module _multibytecodec /usr/lib/python2.7/lib-dynload/_multibytecodec.so imports=[] binaries=[] datas=[]>
encodings.bz2: None -> None
bz2: None -> <Module bz2 /usr/lib/python2.7/lib-dynload/bz2.so imports=[] binaries=[] datas=[]>
encodings._codecs_cn: None -> None
_codecs_cn: None -> <Module _codecs_cn /usr/lib/python2.7/lib-dynload/_codecs_cn.so imports=[] binaries=[] datas=[]>
encodings.quopri: None -> None
quopri: None -> <Module quopri /usr/lib/python2.7/quopri.pyc imports=[('binascii', 0, 0, -1), ('binascii.a2b_qp', 0, 0, -1), ('binascii.b2a_qp', 0, 0, -1), ('cStringIO', 1, 0, -1), ('cStringIO.StringIO', 1, 0, -1), ('cStringIO', 1, 0, -1), ('cStringIO.StringIO', 1, 0, -1), ('sys', 1, 0, -1), ('getopt', 1, 0, -1)] binaries=[] datas=[]>
encodings.cStringIO: None -> None
encodings.StringIO: None -> None
binascii: None -> <Module binascii None imports=[] binaries=[] datas=[]>
getopt: None -> <Module getopt /usr/lib/python2.7/getopt.pyc imports=[('os', 0, 0, -1), ('sys', 0, 1, -1)] binaries=[] datas=[]>
encodings.base64: None -> None
base64: None -> <Module base64 /usr/lib/python2.7/base64.pyc imports=[('re', 0, 0, -1), ('struct', 0, 0, -1), ('binascii', 0, 0, -1), ('sys', 1, 0, -1), ('getopt', 1, 0, -1)] binaries=[] datas=[]>
encodings._codecs_iso2022: None -> None
_codecs_iso2022: None -> <Module _codecs_iso2022 /usr/lib/python2.7/lib-dynload/_codecs_iso2022.so imports=[] binaries=[] datas=[]>
encodings._codecs_kr: None -> None
_codecs_kr: None -> <Module _codecs_kr /usr/lib/python2.7/lib-dynload/_codecs_kr.so imports=[] binaries=[] datas=[]>
encodings.sys: None -> None
encodings._codecs_hk: None -> None
_codecs_hk: None -> <Module _codecs_hk /usr/lib/python2.7/lib-dynload/_codecs_hk.so imports=[] binaries=[] datas=[]>
encodings.zlib: None -> None
encodings._codecs_tw: None -> None
_codecs_tw: None -> <Module _codecs_tw /usr/lib/python2.7/lib-dynload/_codecs_tw.so imports=[] binaries=[] datas=[]>
encodings.binascii: None -> None
encodings.stringprep: None -> None
stringprep: None -> <Module stringprep /usr/lib/python2.7/stringprep.pyc imports=[('unicodedata', 0, 0, -1), ('unicodedata.ucd_3_2_0', 0, 0, -1)] binaries=[] datas=[]>
encodings.re: None -> None
encodings.unicodedata: None -> None
unicodedata: None -> <Module unicodedata None imports=[] binaries=[] datas=[]>
optparse: None -> <Module optparse /usr/lib/python2.7/optparse.pyc imports=[('sys', 0, 0, -1), ('os', 0, 0, -1), ('types', 0, 0, -1), ('textwrap', 0, 0, -1), ('gettext', 0, 0, -1), ('gettext.gettext', 0, 0, -1), ('__builtin__', 1, 1, -1)] binaries=[] datas=[]>
textwrap: None -> <Module textwrap /usr/lib/python2.7/textwrap.pyc imports=[('string', 0, 0, -1), ('re', 0, 0, -1)] binaries=[] datas=[]>
gettext: None -> <Module gettext /usr/lib/python2.7/gettext.pyc imports=[('locale', 0, 0, -1), ('copy', 0, 0, -1), ('os', 0, 0, -1), ('re', 0, 0, -1), ('struct', 0, 0, -1), ('sys', 0, 0, -1), ('errno', 0, 0, -1), ('errno.ENOENT', 0, 0, -1), ('cStringIO', 1, 0, -1), ('cStringIO.StringIO', 1, 0, -1), ('StringIO', 1, 1, -1), ('StringIO.StringIO', 1, 1, -1), ('token', 1, 0, -1), ('tokenize', 1, 0, -1), ('locale', 1, 0, -1), ('locale.normalize', 1, 0, -1), ('__builtin__', 1, 0, -1)] binaries=[] datas=[]>
unittest.fnmatch: None -> None
fnmatch: None -> <Module fnmatch /usr/lib/python2.7/fnmatch.pyc imports=[('re', 0, 0, -1), ('os', 1, 0, -1), ('os', 1, 0, -1), ('posixpath', 1, 0, -1)] binaries=[] datas=[]>
unittest.getopt: None -> None
unittest.optparse: None -> None
unittest.time: None -> None
unittest.signal: None -> None
unittest.weakref: None -> None
cmd: None -> <Module cmd /usr/lib/python2.7/cmd.pyc imports=[('string', 0, 0, -1), ('sys', 1, 0, -1), ('readline', 1, 1, -1), ('readline', 1, 1, -1), ('readline', 1, 1, -1)] binaries=[] datas=[]>
bdb: None -> <Module bdb /usr/lib/python2.7/bdb.pyc imports=[('fnmatch', 0, 0, -1), ('sys', 0, 0, -1), ('os', 0, 0, -1), ('types', 0, 0, -1), ('linecache', 1, 0, -1), ('linecache', 1, 0, -1), ('linecache', 1, 0, -1), ('repr', 1, 0, -1), ('__main__', 1, 1, -1), ('__main__', 1, 1, -1), ('linecache', 1, 0, -1)] binaries=[] datas=[]>
readline: None -> <Module readline /usr/lib/python2.7/lib-dynload/readline.so imports=[] binaries=[] datas=[]>
shlex: None -> <Module shlex /usr/lib/python2.7/shlex.pyc imports=[('os.path', 0, 0, -1), ('sys', 0, 0, -1), ('collections', 0, 0, -1), ('collections.deque', 0, 0, -1), ('cStringIO', 0, 0, -1), ('cStringIO.StringIO', 0, 0, -1), ('StringIO', 0, 1, -1), ('StringIO.StringIO', 0, 1, -1)] binaries=[] datas=[]>
math: None -> <Module math None imports=[] binaries=[] datas=[]>
hashlib: None -> <Module hashlib /usr/lib/python2.7/hashlib.pyc imports=[('_hashlib', 0, 0, -1), ('logging', 0, 1, -1), ('_sha', 1, 1, -1), ('_md5', 1, 1, -1), ('_sha256', 1, 1, -1), ('_sha512', 1, 1, -1)] binaries=[] datas=[]>
_random: None -> <Module _random None imports=[] binaries=[] datas=[]>
_hashlib: None -> <Module _hashlib /usr/lib/python2.7/lib-dynload/_hashlib.so imports=[] binaries=[] datas=[]>
logging: None -> <Module logging /usr/lib/python2.7/logging/__init__.pyc imports=[('sys', 0, 0, -1), ('os', 0, 0, -1), ('time', 0, 0, -1), ('cStringIO', 0, 0, -1), ('traceback', 0, 0, -1), ('warnings', 0, 0, -1), ('weakref', 0, 0, -1), ('codecs', 0, 0, -1), ('thread', 0, 0, -1), ('threading', 0, 0, -1), ('atexit', 0, 0, -1)] binaries=[] datas=[]>
_sha: None -> None
  DEL _sha
_md5: None -> None
  DEL _md5
_sha256: None -> None
  DEL _sha256
_sha512: None -> None
  DEL _sha512
logging.sys: None -> None
logging.os: None -> None
logging.time: None -> None
logging.cStringIO: None -> None
logging.traceback: None -> None
logging.warnings: None -> None
logging.weakref: None -> None
logging.codecs: None -> None
logging.thread: None -> None
logging.threading: None -> None
logging.atexit: None -> None
atexit: None -> <Module atexit /usr/lib/python2.7/atexit.pyc imports=[('sys', 0, 0, -1), ('traceback', 1, 1, -1)] binaries=[] datas=[]>
org: None -> None
  DEL org
org: None -> None
  DEL org
__main__: <Module __main__ ./support/_mountzlib.py imports=[('archive', 0, 0, -1), ('iu', 0, 0, -1), ('sys', 0, 0, -1)] binaries=[] datas=[]> -> <Module __main__ ./support/useUnicode.py imports=[('encodings', 0, 0, -1)] binaries=[] datas=[]>
_emx_link: None -> None
  DEL _emx_link
_emx_link: None -> None
  DEL _emx_link
nt: None -> None
  DEL nt
nt: None -> None
  DEL nt
nt: None -> None
  DEL nt
nt: None -> None
  DEL nt
org: None -> None
  DEL org
org: None -> None
  DEL org
msvcrt: None -> None
  DEL msvcrt
_subprocess: None -> None
  DEL _subprocess
_subprocess: None -> None
  DEL _subprocess
_subprocess: None -> None
  DEL _subprocess
_subprocess: None -> None
  DEL _subprocess
_subprocess: None -> None
  DEL _subprocess
_subprocess: None -> None
  DEL _subprocess
_subprocess: None -> None
  DEL _subprocess
_subprocess: None -> None
  DEL _subprocess
_subprocess: None -> None
  DEL _subprocess
_subprocess: None -> None
  DEL _subprocess
_sha: None -> None
  DEL _sha
_md5: None -> None
  DEL _md5
_sha256: None -> None
  DEL _sha256
_sha512: None -> None
  DEL _sha512
org: None -> None
  DEL org
org: None -> None
  DEL org
__main__: <Module __main__ ./support/useUnicode.py imports=[('encodings', 0, 0, -1)] binaries=[] datas=[]> -> <Module __main__ /usr/local/tools/bh_sshRcmd.py imports=[('threading', 0, 0, -1), ('paramiko', 0, 0, -1), ('subprocess', 0, 0, -1)] binaries=[] datas=[]>
paramiko: None -> <Module paramiko /usr/lib/python2.7/dist-packages/paramiko/__init__.pyc imports=[('sys', 0, 0, -1), ('transport', 0, 0, -1), ('transport.SecurityOptions', 0, 0, -1), ('transport.Transport', 0, 0, -1), ('client', 0, 0, -1), ('client.SSHClient', 0, 0, -1), ('client.MissingHostKeyPolicy', 0, 0, -1), ('client.AutoAddPolicy', 0, 0, -1), ('client.RejectPolicy', 0, 0, -1), ('client.WarningPolicy', 0, 0, -1), ('auth_handler', 0, 0, -1), ('auth_handler.AuthHandler', 0, 0, -1), ('channel', 0, 0, -1), ('channel.Channel', 0, 0, -1), ('channel.ChannelFile', 0, 0, -1), ('ssh_exception', 0, 0, -1), ('ssh_exception.SSHException', 0, 0, -1), ('ssh_exception.PasswordRequiredException', 0, 0, -1), ('ssh_exception.BadAuthenticationType', 0, 0, -1), ('ssh_exception.ChannelException', 0, 0, -1), ('ssh_exception.BadHostKeyException', 0, 0, -1), ('ssh_exception.AuthenticationException', 0, 0, -1), ('server', 0, 0, -1), ('server.ServerInterface', 0, 0, -1), ('server.SubsystemHandler', 0, 0, -1), ('server.InteractiveQuery', 0, 0, -1), ('rsakey', 0, 0, -1), ('rsakey.RSAKey', 0, 0, -1), ('dsskey', 0, 0, -1), ('dsskey.DSSKey', 0, 0, -1), ('sftp', 0, 0, -1), ('sftp.SFTPError', 0, 0, -1), ('sftp.BaseSFTP', 0, 0, -1), ('sftp_client', 0, 0, -1), ('sftp_client.SFTP', 0, 0, -1), ('sftp_client.SFTPClient', 0, 0, -1), ('sftp_server', 0, 0, -1), ('sftp_server.SFTPServer', 0, 0, -1), ('sftp_attr', 0, 0, -1), ('sftp_attr.SFTPAttributes', 0, 0, -1), ('sftp_handle', 0, 0, -1), ('sftp_handle.SFTPHandle', 0, 0, -1), ('sftp_si', 0, 0, -1), ('sftp_si.SFTPServerInterface', 0, 0, -1), ('sftp_file', 0, 0, -1), ('sftp_file.SFTPFile', 0, 0, -1), ('message', 0, 0, -1), ('message.Message', 0, 0, -1), ('packet', 0, 0, -1), ('packet.Packetizer', 0, 0, -1), ('file', 0, 0, -1), ('file.BufferedFile', 0, 0, -1), ('agent', 0, 0, -1), ('agent.Agent', 0, 0, -1), ('agent.AgentKey', 0, 0, -1), ('pkey', 0, 0, -1), ('pkey.PKey', 0, 0, -1), ('hostkeys', 0, 0, -1), ('hostkeys.HostKeys', 0, 0, -1), ('config', 0, 0, -1), ('config.SSHConfig', 0, 0, -1), ('common', 0, 0, -1), ('common.AUTH_SUCCESSFUL', 0, 0, -1), ('common.AUTH_PARTIALLY_SUCCESSFUL', 0, 0, -1), ('common.AUTH_FAILED', 0, 0, -1), ('common.OPEN_SUCCEEDED', 0, 0, -1), ('common.OPEN_FAILED_ADMINISTRATIVELY_PROHIBITED', 0, 0, -1), ('common.OPEN_FAILED_CONNECT_FAILED', 0, 0, -1), ('common.OPEN_FAILED_UNKNOWN_CHANNEL_TYPE', 0, 0, -1), ('common.OPEN_FAILED_RESOURCE_SHORTAGE', 0, 0, -1), ('sftp', 0, 0, -1), ('sftp.SFTP_OK', 0, 0, -1), ('sftp.SFTP_EOF', 0, 0, -1), ('sftp.SFTP_NO_SUCH_FILE', 0, 0, -1), ('sftp.SFTP_PERMISSION_DENIED', 0, 0, -1), ('sftp.SFTP_FAILURE', 0, 0, -1), ('sftp.SFTP_BAD_MESSAGE', 0, 0, -1), ('sftp.SFTP_NO_CONNECTION', 0, 0, -1), ('sftp.SFTP_CONNECTION_LOST', 0, 0, -1), ('sftp.SFTP_OP_UNSUPPORTED', 0, 0, -1)] binaries=[] datas=[]>
_emx_link: None -> None
  DEL _emx_link
_emx_link: None -> None
  DEL _emx_link
nt: None -> None
  DEL nt
nt: None -> None
  DEL nt
nt: None -> None
  DEL nt
nt: None -> None
  DEL nt
org: None -> None
  DEL org
org: None -> None
  DEL org
msvcrt: None -> None
  DEL msvcrt
_subprocess: None -> None
  DEL _subprocess
_subprocess: None -> None
  DEL _subprocess
_subprocess: None -> None
  DEL _subprocess
_subprocess: None -> None
  DEL _subprocess
_subprocess: None -> None
  DEL _subprocess
_subprocess: None -> None
  DEL _subprocess
_subprocess: None -> None
  DEL _subprocess
_subprocess: None -> None
  DEL _subprocess
_subprocess: None -> None
  DEL _subprocess
_subprocess: None -> None
  DEL _subprocess
org: None -> None
  DEL org
org: None -> None
  DEL org
_sha: None -> None
  DEL _sha
_md5: None -> None
  DEL _md5
_sha256: None -> None
  DEL _sha256
_sha512: None -> None
  DEL _sha512
paramiko.sys: None -> None
paramiko.transport: None -> <Module paramiko.transport /usr/lib/python2.7/dist-packages/paramiko/transport.pyc imports=[('os', 0, 0, -1), ('socket', 0, 0, -1), ('string', 0, 0, -1), ('struct', 0, 0, -1), ('sys', 0, 0, -1), ('threading', 0, 0, -1), ('time', 0, 0, -1), ('weakref', 0, 0, -1), ('paramiko', 0, 0, -1), ('paramiko.util', 0, 0, -1), ('paramiko.auth_handler', 0, 0, -1), ('paramiko.auth_handler.AuthHandler', 0, 0, -1), ('paramiko.channel', 0, 0, -1), ('paramiko.channel.Channel', 0, 0, -1), ('paramiko.common', 0, 0, -1), ('paramiko.common.*', 0, 0, -1), ('paramiko.compress', 0, 0, -1), ('paramiko.compress.ZlibCompressor', 0, 0, -1), ('paramiko.compress.ZlibDecompressor', 0, 0, -1), ('paramiko.dsskey', 0, 0, -1), ('paramiko.dsskey.DSSKey', 0, 0, -1), ('paramiko.kex_gex', 0, 0, -1), ('paramiko.kex_gex.KexGex', 0, 0, -1), ('paramiko.kex_group1', 0, 0, -1), ('paramiko.kex_group1.KexGroup1', 0, 0, -1), ('paramiko.message', 0, 0, -1), ('paramiko.message.Message', 0, 0, -1), ('paramiko.packet', 0, 0, -1), ('paramiko.packet.Packetizer', 0, 0, -1), ('paramiko.packet.NeedRekeyException', 0, 0, -1), ('paramiko.primes', 0, 0, -1), ('paramiko.primes.ModulusPack', 0, 0, -1), ('paramiko.rsakey', 0, 0, -1), ('paramiko.rsakey.RSAKey', 0, 0, -1), ('paramiko.server', 0, 0, -1), ('paramiko.server.ServerInterface', 0, 0, -1), ('paramiko.sftp_client', 0, 0, -1), ('paramiko.sftp_client.SFTPClient', 0, 0, -1), ('paramiko.ssh_exception', 0, 0, -1), ('paramiko.ssh_exception.SSHException', 0, 0, -1), ('paramiko.ssh_exception.BadAuthenticationType', 0, 0, -1), ('paramiko.ssh_exception.ChannelException', 0, 0, -1), ('Crypto', 0, 0, -1), ('Crypto.Random', 0, 0, -1), ('Crypto.Cipher', 0, 0, -1), ('Crypto.Cipher.Blowfish', 0, 0, -1), ('Crypto.Cipher.AES', 0, 0, -1), ('Crypto.Cipher.DES3', 0, 0, -1), ('Crypto.Cipher.ARC4', 0, 0, -1), ('Crypto.Hash', 0, 0, -1), ('Crypto.Hash.SHA', 0, 0, -1), ('Crypto.Hash.MD5', 0, 0, -1), ('Crypto.Util', 0, 0, -1), ('Crypto.Util.Counter', 0, 0, -1), ('paramiko.util', 0, 1, -1), ('paramiko.util.Counter', 0, 1, -1), ('atexit', 0, 0, -1)] binaries=[] datas=[]>
paramiko.client: None -> <Module paramiko.client /usr/lib/python2.7/dist-packages/paramiko/client.pyc imports=[('binascii', 0, 0, -1), ('binascii.hexlify', 0, 0, -1), ('getpass', 0, 0, -1), ('os', 0, 0, -1), ('socket', 0, 0, -1), ('warnings', 0, 0, -1), ('paramiko.agent', 0, 0, -1), ('paramiko.agent.Agent', 0, 0, -1), ('paramiko.common', 0, 0, -1), ('paramiko.common.*', 0, 0, -1), ('paramiko.dsskey', 0, 0, -1), ('paramiko.dsskey.DSSKey', 0, 0, -1), ('paramiko.hostkeys', 0, 0, -1), ('paramiko.hostkeys.HostKeys', 0, 0, -1), ('paramiko.resource', 0, 0, -1), ('paramiko.resource.ResourceManager', 0, 0, -1), ('paramiko.rsakey', 0, 0, -1), ('paramiko.rsakey.RSAKey', 0, 0, -1), ('paramiko.ssh_exception', 0, 0, -1), ('paramiko.ssh_exception.SSHException', 0, 0, -1), ('paramiko.ssh_exception.BadHostKeyException', 0, 0, -1), ('paramiko.transport', 0, 0, -1), ('paramiko.transport.Transport', 0, 0, -1)] binaries=[] datas=[]>
paramiko.auth_handler: None -> <Module paramiko.auth_handler /usr/lib/python2.7/dist-packages/paramiko/auth_handler.pyc imports=[('threading', 0, 0, -1), ('weakref', 0, 0, -1), ('encodings.utf_8', 0, 0, -1), ('paramiko.common', 0, 0, -1), ('paramiko.common.*', 0, 0, -1), ('paramiko', 0, 0, -1), ('paramiko.util', 0, 0, -1), ('paramiko.message', 0, 0, -1), ('paramiko.message.Message', 0, 0, -1), ('paramiko.ssh_exception', 0, 0, -1), ('paramiko.ssh_exception.SSHException', 0, 0, -1), ('paramiko.ssh_exception.AuthenticationException', 0, 0, -1), ('paramiko.ssh_exception.BadAuthenticationType', 0, 0, -1), ('paramiko.ssh_exception.PartialAuthentication', 0, 0, -1), ('paramiko.server', 0, 0, -1), ('paramiko.server.InteractiveQuery', 0, 0, -1)] binaries=[] datas=[]>
paramiko.channel: None -> <Module paramiko.channel /usr/lib/python2.7/dist-packages/paramiko/channel.pyc imports=[('binascii', 0, 0, -1), ('sys', 0, 0, -1), ('time', 0, 0, -1), ('threading', 0, 0, -1), ('socket', 0, 0, -1), ('os', 0, 0, -1), ('paramiko.common', 0, 0, -1), ('paramiko.common.*', 0, 0, -1), ('paramiko', 0, 0, -1), ('paramiko.util', 0, 0, -1), ('paramiko.message', 0, 0, -1), ('paramiko.message.Message', 0, 0, -1), ('paramiko.ssh_exception', 0, 0, -1), ('paramiko.ssh_exception.SSHException', 0, 0, -1), ('paramiko.file', 0, 0, -1), ('paramiko.file.BufferedFile', 0, 0, -1), ('paramiko.buffered_pipe', 0, 0, -1), ('paramiko.buffered_pipe.BufferedPipe', 0, 0, -1), ('paramiko.buffered_pipe.PipeTimeout', 0, 0, -1), ('paramiko', 0, 0, -1), ('paramiko.pipe', 0, 0, -1)] binaries=[] datas=[]>
paramiko.ssh_exception: None -> <Module paramiko.ssh_exception /usr/lib/python2.7/dist-packages/paramiko/ssh_exception.pyc imports=[] binaries=[] datas=[]>
paramiko.server: None -> <Module paramiko.server /usr/lib/python2.7/dist-packages/paramiko/server.pyc imports=[('threading', 0, 0, -1), ('paramiko.common', 0, 0, -1), ('paramiko.common.*', 0, 0, -1), ('paramiko', 0, 0, -1), ('paramiko.util', 0, 0, -1)] binaries=[] datas=[]>
paramiko.rsakey: None -> <Module paramiko.rsakey /usr/lib/python2.7/dist-packages/paramiko/rsakey.pyc imports=[('Crypto.PublicKey', 0, 0, -1), ('Crypto.PublicKey.RSA', 0, 0, -1), ('Crypto.Hash', 0, 0, -1), ('Crypto.Hash.SHA', 0, 0, -1), ('Crypto.Hash.MD5', 0, 0, -1), ('Crypto.Cipher', 0, 0, -1), ('Crypto.Cipher.DES3', 0, 0, -1), ('paramiko.common', 0, 0, -1), ('paramiko.common.*', 0, 0, -1), ('paramiko', 0, 0, -1), ('paramiko.util', 0, 0, -1), ('paramiko.message', 0, 0, -1), ('paramiko.message.Message', 0, 0, -1), ('paramiko.ber', 0, 0, -1), ('paramiko.ber.BER', 0, 0, -1), ('paramiko.ber.BERException', 0, 0, -1), ('paramiko.pkey', 0, 0, -1), ('paramiko.pkey.PKey', 0, 0, -1), ('paramiko.ssh_exception', 0, 0, -1), ('paramiko.ssh_exception.SSHException', 0, 0, -1)] binaries=[] datas=[]>
paramiko.dsskey: None -> <Module paramiko.dsskey /usr/lib/python2.7/dist-packages/paramiko/dsskey.pyc imports=[('Crypto.PublicKey', 0, 0, -1), ('Crypto.PublicKey.DSA', 0, 0, -1), ('Crypto.Hash', 0, 0, -1), ('Crypto.Hash.SHA', 0, 0, -1), ('paramiko.common', 0, 0, -1), ('paramiko.common.*', 0, 0, -1), ('paramiko', 0, 0, -1), ('paramiko.util', 0, 0, -1), ('paramiko.ssh_exception', 0, 0, -1), ('paramiko.ssh_exception.SSHException', 0, 0, -1), ('paramiko.message', 0, 0, -1), ('paramiko.message.Message', 0, 0, -1), ('paramiko.ber', 0, 0, -1), ('paramiko.ber.BER', 0, 0, -1), ('paramiko.ber.BERException', 0, 0, -1), ('paramiko.pkey', 0, 0, -1), ('paramiko.pkey.PKey', 0, 0, -1)] binaries=[] datas=[]>
paramiko.sftp: None -> <Module paramiko.sftp /usr/lib/python2.7/dist-packages/paramiko/sftp.pyc imports=[('select', 0, 0, -1), ('socket', 0, 0, -1), ('struct', 0, 0, -1), ('paramiko.common', 0, 0, -1), ('paramiko.common.*', 0, 0, -1), ('paramiko', 0, 0, -1), ('paramiko.util', 0, 0, -1), ('paramiko.channel', 0, 0, -1), ('paramiko.channel.Channel', 0, 0, -1), ('paramiko.message', 0, 0, -1), ('paramiko.message.Message', 0, 0, -1)] binaries=[] datas=[]>
paramiko.sftp_client: None -> <Module paramiko.sftp_client /usr/lib/python2.7/dist-packages/paramiko/sftp_client.pyc imports=[('binascii', 0, 0, -1), ('binascii.hexlify', 0, 0, -1), ('errno', 0, 0, -1), ('os', 0, 0, -1), ('stat', 0, 0, -1), ('threading', 0, 0, -1), ('time', 0, 0, -1), ('weakref', 0, 0, -1), ('paramiko.sftp', 0, 0, -1), ('paramiko.sftp.*', 0, 0, -1), ('paramiko.sftp_attr', 0, 0, -1), ('paramiko.sftp_attr.SFTPAttributes', 0, 0, -1), ('paramiko.ssh_exception', 0, 0, -1), ('paramiko.ssh_exception.SSHException', 0, 0, -1), ('paramiko.sftp_file', 0, 0, -1), ('paramiko.sftp_file.SFTPFile', 0, 0, -1)] binaries=[] datas=[]>
paramiko.sftp_server: None -> <Module paramiko.sftp_server /usr/lib/python2.7/dist-packages/paramiko/sftp_server.pyc imports=[('os', 0, 0, -1), ('errno', 0, 0, -1), ('Crypto.Hash', 0, 0, -1), ('Crypto.Hash.MD5', 0, 0, -1), ('Crypto.Hash.SHA', 0, 0, -1), ('paramiko.common', 0, 0, -1), ('paramiko.common.*', 0, 0, -1), ('paramiko.server', 0, 0, -1), ('paramiko.server.SubsystemHandler', 0, 0, -1), ('paramiko.sftp', 0, 0, -1), ('paramiko.sftp.*', 0, 0, -1), ('paramiko.sftp_si', 0, 0, -1), ('paramiko.sftp_si.*', 0, 0, -1), ('paramiko.sftp_attr', 0, 0, -1), ('paramiko.sftp_attr.*', 0, 0, -1), ('paramiko.sftp_handle', 0, 0, -1), ('paramiko.sftp_handle.SFTPHandle', 0, 0, -1)] binaries=[] datas=[]>
paramiko.sftp_attr: None -> <Module paramiko.sftp_attr /usr/lib/python2.7/dist-packages/paramiko/sftp_attr.pyc imports=[('stat', 0, 0, -1), ('time', 0, 0, -1), ('paramiko.common', 0, 0, -1), ('paramiko.common.*', 0, 0, -1), ('paramiko.sftp', 0, 0, -1), ('paramiko.sftp.*', 0, 0, -1)] binaries=[] datas=[]>
paramiko.sftp_handle: None -> <Module paramiko.sftp_handle /usr/lib/python2.7/dist-packages/paramiko/sftp_handle.pyc imports=[('os', 0, 0, -1), ('paramiko.common', 0, 0, -1), ('paramiko.common.*', 0, 0, -1), ('paramiko.sftp', 0, 0, -1), ('paramiko.sftp.*', 0, 0, -1), ('paramiko.sftp_server', 0, 0, -1), ('paramiko.sftp_server.SFTPServer', 0, 0, -1)] binaries=[] datas=[]>
paramiko.sftp_si: None -> <Module paramiko.sftp_si /usr/lib/python2.7/dist-packages/paramiko/sftp_si.pyc imports=[('os', 0, 0, -1), ('paramiko.common', 0, 0, -1), ('paramiko.common.*', 0, 0, -1), ('paramiko.sftp', 0, 0, -1), ('paramiko.sftp.*', 0, 0, -1)] binaries=[] datas=[]>
paramiko.sftp_file: None -> <Module paramiko.sftp_file /usr/lib/python2.7/dist-packages/paramiko/sftp_file.pyc imports=[('binascii', 0, 0, -1), ('binascii.hexlify', 0, 0, -1), ('socket', 0, 0, -1), ('threading', 0, 0, -1), ('time', 0, 0, -1), ('paramiko.common', 0, 0, -1), ('paramiko.common.*', 0, 0, -1), ('paramiko.sftp', 0, 0, -1), ('paramiko.sftp.*', 0, 0, -1), ('paramiko.file', 0, 0, -1), ('paramiko.file.BufferedFile', 0, 0, -1), ('paramiko.sftp_attr', 0, 0, -1), ('paramiko.sftp_attr.SFTPAttributes', 0, 0, -1)] binaries=[] datas=[]>
paramiko.message: None -> <Module paramiko.message /usr/lib/python2.7/dist-packages/paramiko/message.pyc imports=[('struct', 0, 0, -1), ('cStringIO', 0, 0, -1), ('paramiko', 0, 0, -1), ('paramiko.util', 0, 0, -1)] binaries=[] datas=[]>
paramiko.packet: None -> <Module paramiko.packet /usr/lib/python2.7/dist-packages/paramiko/packet.pyc imports=[('errno', 0, 0, -1), ('select', 0, 0, -1), ('socket', 0, 0, -1), ('struct', 0, 0, -1), ('threading', 0, 0, -1), ('time', 0, 0, -1), ('paramiko.common', 0, 0, -1), ('paramiko.common.*', 0, 0, -1), ('paramiko', 0, 0, -1), ('paramiko.util', 0, 0, -1), ('paramiko.ssh_exception', 0, 0, -1), ('paramiko.ssh_exception.SSHException', 0, 0, -1), ('paramiko.message', 0, 0, -1), ('paramiko.message.Message', 0, 0, -1), ('r_hmac', 0, 0, -1), ('Crypto.Hash', 1, 0, -1), ('Crypto.Hash.HMAC', 1, 0, -1)] binaries=[] datas=[]>
paramiko.file: None -> <Module paramiko.file /usr/lib/python2.7/dist-packages/paramiko/file.pyc imports=[('cStringIO', 0, 0, -1), ('cStringIO.StringIO', 0, 0, -1)] binaries=[] datas=[]>
paramiko.agent: None -> <Module paramiko.agent /usr/lib/python2.7/dist-packages/paramiko/agent.pyc imports=[('os', 0, 0, -1), ('socket', 0, 0, -1), ('struct', 0, 0, -1), ('sys', 0, 0, -1), ('paramiko.ssh_exception', 0, 0, -1), ('paramiko.ssh_exception.SSHException', 0, 0, -1), ('paramiko.message', 0, 0, -1), ('paramiko.message.Message', 0, 0, -1), ('paramiko.pkey', 0, 0, -1), ('paramiko.pkey.PKey', 0, 0, -1), ('win_pageant', 1, 1, -1)] binaries=[] datas=[]>
paramiko.pkey: None -> <Module paramiko.pkey /usr/lib/python2.7/dist-packages/paramiko/pkey.pyc imports=[('base64', 0, 0, -1), ('binascii', 0, 0, -1), ('binascii.hexlify', 0, 0, -1), ('binascii.unhexlify', 0, 0, -1), ('os', 0, 0, -1), ('Crypto.Hash', 0, 0, -1), ('Crypto.Hash.MD5', 0, 0, -1), ('Crypto.Cipher', 0, 0, -1), ('Crypto.Cipher.DES3', 0, 0, -1), ('Crypto.Cipher.AES', 0, 0, -1), ('paramiko.common', 0, 0, -1), ('paramiko.common.*', 0, 0, -1), ('paramiko', 0, 0, -1), ('paramiko.util', 0, 0, -1), ('paramiko.message', 0, 0, -1), ('paramiko.message.Message', 0, 0, -1), ('paramiko.ssh_exception', 0, 0, -1), ('paramiko.ssh_exception.SSHException', 0, 0, -1), ('paramiko.ssh_exception.PasswordRequiredException', 0, 0, -1)] binaries=[] datas=[]>
paramiko.hostkeys: None -> <Module paramiko.hostkeys /usr/lib/python2.7/dist-packages/paramiko/hostkeys.pyc imports=[('base64', 0, 0, -1), ('Crypto.Hash', 0, 0, -1), ('Crypto.Hash.SHA', 0, 0, -1), ('Crypto.Hash.HMAC', 0, 0, -1), ('UserDict', 0, 0, -1), ('paramiko.common', 0, 0, -1), ('paramiko.common.*', 0, 0, -1), ('paramiko.dsskey', 0, 0, -1), ('paramiko.dsskey.DSSKey', 0, 0, -1), ('paramiko.rsakey', 0, 0, -1), ('paramiko.rsakey.RSAKey', 0, 0, -1)] binaries=[] datas=[]>
paramiko.config: None -> <Module paramiko.config /usr/lib/python2.7/dist-packages/paramiko/config.pyc imports=[('fnmatch', 0, 0, -1)] binaries=[] datas=[]>
paramiko.common: None -> <Module paramiko.common /usr/lib/python2.7/dist-packages/paramiko/common.pyc imports=[('Crypto', 0, 0, -1), ('Crypto.Random', 0, 0, -1), ('sys', 0, 0, -1), ('logging', 0, 1, -1), ('logging22', 0, 1, -1), ('select', 0, 1, -1), ('socket', 0, 1, -1), ('logging', 0, 1, -1)] binaries=[] datas=[]>
paramiko.os: None -> None
paramiko.socket: None -> None
socket: None -> <Module socket /usr/lib/python2.7/socket.pyc imports=[('_socket', 0, 0, -1), ('_socket', 0, 0, -1), ('_socket.*', 0, 0, -1), ('functools', 0, 0, -1), ('functools.partial', 0, 0, -1), ('types', 0, 0, -1), ('types.MethodType', 0, 0, -1), ('_ssl', 0, 0, -1), ('_ssl', 0, 1, -1), ('_ssl.SSLError', 0, 1, -1), ('_ssl', 0, 1, -1), ('_ssl.RAND_add', 0, 1, -1), ('_ssl.RAND_egd', 0, 1, -1), ('_ssl.RAND_status', 0, 1, -1), ('_ssl.SSL_ERROR_ZERO_RETURN', 0, 1, -1), ('_ssl.SSL_ERROR_WANT_READ', 0, 1, -1), ('_ssl.SSL_ERROR_WANT_WRITE', 0, 1, -1), ('_ssl.SSL_ERROR_WANT_X509_LOOKUP', 0, 1, -1), ('_ssl.SSL_ERROR_SYSCALL', 0, 1, -1), ('_ssl.SSL_ERROR_SSL', 0, 1, -1), ('_ssl.SSL_ERROR_WANT_CONNECT', 0, 1, -1), ('_ssl.SSL_ERROR_EOF', 0, 1, -1), ('_ssl.SSL_ERROR_INVALID_ERROR_CODE', 0, 1, -1), ('os', 0, 0, -1), ('sys', 0, 0, -1), ('warnings', 0, 0, -1), ('cStringIO', 0, 0, -1), ('cStringIO.StringIO', 0, 0, -1), ('StringIO', 0, 1, -1), ('StringIO.StringIO', 0, 1, -1), ('errno', 0, 0, -1), ('ssl', 1, 0, -1)] binaries=[] datas=[]>
paramiko.string: None -> None
paramiko.struct: None -> None
paramiko.threading: None -> None
paramiko.time: None -> None
paramiko.weakref: None -> None
paramiko.paramiko: None -> None
paramiko.util: None -> <Module paramiko.util /usr/lib/python2.7/dist-packages/paramiko/util.pyc imports=[('__future__', 0, 0, -1), ('__future__.generators', 0, 0, -1), ('array', 0, 0, -1), ('binascii', 0, 0, -1), ('binascii.hexlify', 0, 0, -1), ('binascii.unhexlify', 0, 0, -1), ('sys', 0, 0, -1), ('struct', 0, 0, -1), ('traceback', 0, 0, -1), ('threading', 0, 0, -1), ('paramiko.common', 0, 0, -1), ('paramiko.common.*', 0, 0, -1), ('paramiko.config', 0, 0, -1), ('paramiko.config.SSHConfig', 0, 0, -1), ('paramiko.hostkeys', 1, 0, -1), ('paramiko.hostkeys.HostKeys', 1, 0, -1)] binaries=[] datas=[]>
paramiko.compress: None -> <Module paramiko.compress /usr/lib/python2.7/dist-packages/paramiko/compress.pyc imports=[('zlib', 0, 0, -1)] binaries=[] datas=[]>
paramiko.kex_gex: None -> <Module paramiko.kex_gex /usr/lib/python2.7/dist-packages/paramiko/kex_gex.pyc imports=[('Crypto.Hash', 0, 0, -1), ('Crypto.Hash.SHA', 0, 0, -1), ('Crypto.Util', 0, 0, -1), ('Crypto.Util.number', 0, 0, -1), ('paramiko.common', 0, 0, -1), ('paramiko.common.*', 0, 0, -1), ('paramiko', 0, 0, -1), ('paramiko.util', 0, 0, -1), ('paramiko.message', 0, 0, -1), ('paramiko.message.Message', 0, 0, -1), ('paramiko.ssh_exception', 0, 0, -1), ('paramiko.ssh_exception.SSHException', 0, 0, -1)] binaries=[] datas=[]>
paramiko.kex_group1: None -> <Module paramiko.kex_group1 /usr/lib/python2.7/dist-packages/paramiko/kex_group1.pyc imports=[('Crypto.Hash', 0, 0, -1), ('Crypto.Hash.SHA', 0, 0, -1), ('paramiko.common', 0, 0, -1), ('paramiko.common.*', 0, 0, -1), ('paramiko', 0, 0, -1), ('paramiko.util', 0, 0, -1), ('paramiko.message', 0, 0, -1), ('paramiko.message.Message', 0, 0, -1), ('paramiko.ssh_exception', 0, 0, -1), ('paramiko.ssh_exception.SSHException', 0, 0, -1)] binaries=[] datas=[]>
paramiko.primes: None -> <Module paramiko.primes /usr/lib/python2.7/dist-packages/paramiko/primes.pyc imports=[('Crypto.Util', 0, 0, -1), ('Crypto.Util.number', 0, 0, -1), ('paramiko', 0, 0, -1), ('paramiko.util', 0, 0, -1), ('paramiko.ssh_exception', 0, 0, -1), ('paramiko.ssh_exception.SSHException', 0, 0, -1)] binaries=[] datas=[]>
paramiko.Crypto: None -> None
Crypto: None -> <Module Crypto /usr/lib/python2.7/dist-packages/Crypto/__init__.pyc imports=[] binaries=[] datas=[]>
Crypto.Random: None -> <Module Crypto.Random /usr/lib/python2.7/dist-packages/Crypto/Random/__init__.pyc imports=[('Crypto.Random', 0, 0, -1), ('Crypto.Random.OSRNG', 0, 0, -1), ('Crypto.Random', 0, 0, -1), ('Crypto.Random._UserFriendlyRNG', 0, 0, -1)] binaries=[] datas=[]>
Crypto.Cipher: None -> <Module Crypto.Cipher /usr/lib/python2.7/dist-packages/Crypto/Cipher/__init__.pyc imports=[] binaries=[] datas=[]>
Crypto.Cipher.Blowfish: None -> <Module Crypto.Cipher.Blowfish /usr/lib/python2.7/dist-packages/Crypto/Cipher/Blowfish.pyc imports=[('Crypto.Cipher', 0, 0, -1), ('Crypto.Cipher.blockalgo', 0, 0, -1), ('Crypto.Cipher', 0, 0, -1), ('Crypto.Cipher._Blowfish', 0, 0, -1)] binaries=[] datas=[]>
Crypto.Cipher.AES: None -> <Module Crypto.Cipher.AES /usr/lib/python2.7/dist-packages/Crypto/Cipher/AES.pyc imports=[('Crypto.Cipher', 0, 0, -1), ('Crypto.Cipher.blockalgo', 0, 0, -1), ('Crypto.Cipher', 0, 0, -1), ('Crypto.Cipher._AES', 0, 0, -1)] binaries=[] datas=[]>
Crypto.Cipher.DES3: None -> <Module Crypto.Cipher.DES3 /usr/lib/python2.7/dist-packages/Crypto/Cipher/DES3.pyc imports=[('Crypto.Cipher', 0, 0, -1), ('Crypto.Cipher.blockalgo', 0, 0, -1), ('Crypto.Cipher', 0, 0, -1), ('Crypto.Cipher._DES3', 0, 0, -1)] binaries=[] datas=[]>
Crypto.Cipher.ARC4: None -> <Module Crypto.Cipher.ARC4 /usr/lib/python2.7/dist-packages/Crypto/Cipher/ARC4.pyc imports=[('Crypto.Cipher', 0, 0, -1), ('Crypto.Cipher._ARC4', 0, 0, -1)] binaries=[] datas=[]>
Crypto.Hash: None -> <Module Crypto.Hash /usr/lib/python2.7/dist-packages/Crypto/Hash/__init__.pyc imports=[] binaries=[] datas=[]>
Crypto.Hash.SHA: None -> <Module Crypto.Hash.SHA /usr/lib/python2.7/dist-packages/Crypto/Hash/SHA.pyc imports=[('Crypto.Util.py3compat', 0, 0, -1), ('Crypto.Util.py3compat.*', 0, 0, -1), ('Crypto.Hash.hashalgo', 0, 0, -1), ('Crypto.Hash.hashalgo.HashAlgo', 0, 0, -1), ('hashlib', 0, 0, -1), ('sha', 0, 1, -1)] binaries=[] datas=[]>
Crypto.Hash.MD5: None -> <Module Crypto.Hash.MD5 /usr/lib/python2.7/dist-packages/Crypto/Hash/MD5.pyc imports=[('Crypto.Util.py3compat', 0, 0, -1), ('Crypto.Util.py3compat.*', 0, 0, -1), ('Crypto.Hash.hashalgo', 0, 0, -1), ('Crypto.Hash.hashalgo.HashAlgo', 0, 0, -1), ('hashlib', 0, 0, -1), ('md5', 0, 1, -1)] binaries=[] datas=[]>
Crypto.Util: None -> <Module Crypto.Util /usr/lib/python2.7/dist-packages/Crypto/Util/__init__.pyc imports=[] binaries=[] datas=[]>
Crypto.Util.Counter: None -> <Module Crypto.Util.Counter /usr/lib/python2.7/dist-packages/Crypto/Util/Counter.pyc imports=[('sys', 0, 0, -1), ('Crypto.Util.py21compat', 0, 1, -1), ('Crypto.Util.py21compat.*', 0, 1, -1), ('Crypto.Util.py3compat', 0, 0, -1), ('Crypto.Util.py3compat.*', 0, 0, -1), ('Crypto.Util', 0, 0, -1), ('Crypto.Util._counter', 0, 0, -1), ('struct', 0, 0, -1)] binaries=[] datas=[]>
paramiko.atexit: None -> None
_socket: None -> <Module _socket None imports=[] binaries=[] datas=[]>
_ssl: None -> <Module _ssl /usr/lib/python2.7/lib-dynload/_ssl.so imports=[] binaries=[] datas=[]>
ssl: None -> <Module ssl /usr/lib/python2.7/ssl.pyc imports=[('textwrap', 0, 0, -1), ('_ssl', 0, 0, -1), ('_ssl', 0, 0, -1), ('_ssl.OPENSSL_VERSION_NUMBER', 0, 0, -1), ('_ssl.OPENSSL_VERSION_INFO', 0, 0, -1), ('_ssl.OPENSSL_VERSION', 0, 0, -1), ('_ssl', 0, 0, -1), ('_ssl.SSLError', 0, 0, -1), ('_ssl', 0, 0, -1), ('_ssl.CERT_NONE', 0, 0, -1), ('_ssl.CERT_OPTIONAL', 0, 0, -1), ('_ssl.CERT_REQUIRED', 0, 0, -1), ('_ssl', 0, 0, -1), ('_ssl.RAND_status', 0, 0, -1), ('_ssl.RAND_egd', 0, 0, -1), ('_ssl.RAND_add', 0, 0, -1), ('_ssl', 0, 0, -1), ('_ssl.SSL_ERROR_ZERO_RETURN', 0, 0, -1), ('_ssl.SSL_ERROR_WANT_READ', 0, 0, -1), ('_ssl.SSL_ERROR_WANT_WRITE', 0, 0, -1), ('_ssl.SSL_ERROR_WANT_X509_LOOKUP', 0, 0, -1), ('_ssl.SSL_ERROR_SYSCALL', 0, 0, -1), ('_ssl.SSL_ERROR_SSL', 0, 0, -1), ('_ssl.SSL_ERROR_WANT_CONNECT', 0, 0, -1), ('_ssl.SSL_ERROR_EOF', 0, 0, -1), ('_ssl.SSL_ERROR_INVALID_ERROR_CODE', 0, 0, -1), ('_ssl', 0, 0, -1), ('_ssl.PROTOCOL_SSLv3', 0, 0, -1), ('_ssl.PROTOCOL_SSLv23', 0, 0, -1), ('_ssl.PROTOCOL_TLSv1', 0, 0, -1), ('_ssl', 0, 0, -1), ('_ssl.PROTOCOL_SSLv2', 0, 0, -1), ('socket', 0, 0, -1), ('socket.socket', 0, 0, -1), ('socket._fileobject', 0, 0, -1), ('socket._delegate_methods', 0, 0, -1), ('socket.error', 0, 0, -1), ('socket', 0, 0, -1), ('socket.getnameinfo', 0, 0, -1), ('base64', 0, 0, -1), ('errno', 0, 0, -1), ('time', 1, 0, -1)] binaries=[] datas=[]>
paramiko.__future__: None -> None
paramiko.array: None -> None
paramiko.binascii: None -> None
paramiko.traceback: None -> None
paramiko.logging: None -> None
paramiko.logging22: None -> <Module paramiko.logging22 /usr/lib/python2.7/dist-packages/paramiko/logging22.pyc imports=[] binaries=[] datas=[]>
paramiko.select: None -> None
Crypto.Random.Crypto: None -> None
Crypto.Random.OSRNG: None -> <Module Crypto.Random.OSRNG /usr/lib/python2.7/dist-packages/Crypto/Random/OSRNG/__init__.pyc imports=[('os', 0, 0, -1), ('Crypto.Random.OSRNG.posix', 0, 1, -1), ('Crypto.Random.OSRNG.posix.new', 0, 1, -1), ('Crypto.Random.OSRNG.nt', 0, 1, -1), ('Crypto.Random.OSRNG.nt.new', 0, 1, -1), ('Crypto.Random.OSRNG.fallback', 0, 1, -1), ('Crypto.Random.OSRNG.fallback.new', 0, 1, -1)] binaries=[] datas=[]>
Crypto.Random._UserFriendlyRNG: None -> <Module Crypto.Random._UserFriendlyRNG /usr/lib/python2.7/dist-packages/Crypto/Random/_UserFriendlyRNG.pyc imports=[('sys', 0, 0, -1), ('Crypto.Util.py21compat', 0, 1, -1), ('Crypto.Util.py21compat.*', 0, 1, -1), ('os', 0, 0, -1), ('threading', 0, 0, -1), ('struct', 0, 0, -1), ('time', 0, 0, -1), ('math', 0, 0, -1), ('math.floor', 0, 0, -1), ('Crypto.Random', 0, 0, -1), ('Crypto.Random.OSRNG', 0, 0, -1), ('Crypto.Random.Fortuna', 0, 0, -1), ('Crypto.Random.Fortuna.FortunaAccumulator', 0, 0, -1)] binaries=[] datas=[]>
Crypto.Random.OSRNG.os: None -> None
Crypto.Random.OSRNG.Crypto: None -> None
Crypto.Random.OSRNG.posix: None -> <Module Crypto.Random.OSRNG.posix /usr/lib/python2.7/dist-packages/Crypto/Random/OSRNG/posix.pyc imports=[('errno', 0, 0, -1), ('os', 0, 0, -1), ('stat', 0, 0, -1), ('rng_base', 0, 0, -1), ('rng_base.BaseRNG', 0, 0, -1), ('Crypto.Util.py3compat', 0, 0, -1), ('Crypto.Util.py3compat.b', 0, 0, -1)] binaries=[] datas=[]>
Crypto.Random.OSRNG.nt: None -> <Module Crypto.Random.OSRNG.nt /usr/lib/python2.7/dist-packages/Crypto/Random/OSRNG/nt.pyc imports=[('winrandom', 0, 0, -1), ('rng_base', 0, 0, -1), ('rng_base.BaseRNG', 0, 0, -1)] binaries=[] datas=[]>
Crypto.Random.OSRNG.fallback: None -> <Module Crypto.Random.OSRNG.fallback /usr/lib/python2.7/dist-packages/Crypto/Random/OSRNG/fallback.pyc imports=[('os', 0, 0, -1), ('rng_base', 0, 0, -1), ('rng_base.BaseRNG', 0, 0, -1)] binaries=[] datas=[]>
Crypto.Random.OSRNG.errno: None -> None
Crypto.Random.OSRNG.stat: None -> None
Crypto.Random.OSRNG.rng_base: None -> <Module Crypto.Random.OSRNG.rng_base /usr/lib/python2.7/dist-packages/Crypto/Random/OSRNG/rng_base.pyc imports=[('sys', 0, 0, -1), ('Crypto.Util.py21compat', 0, 1, -1), ('Crypto.Util.py21compat.*', 0, 1, -1)] binaries=[] datas=[]>
Crypto.Util.py3compat: None -> <Module Crypto.Util.py3compat /usr/lib/python2.7/dist-packages/Crypto/Util/py3compat.pyc imports=[('sys', 0, 0, -1)] binaries=[] datas=[]>
Crypto.Random.OSRNG.sys: None -> None
Crypto.Util.py21compat: None -> <Module Crypto.Util.py21compat /usr/lib/python2.7/dist-packages/Crypto/Util/py21compat.pyc imports=[('sys', 0, 0, -1), ('__builtin__', 0, 0, -1)] binaries=[] datas=[]>
Crypto.Util.sys: None -> None
Crypto.Util.__builtin__: None -> None
Crypto.Random.OSRNG.winrandom: None -> None
winrandom: None -> None
  DEL winrandom
Crypto.Random.sys: None -> None
Crypto.Random.os: None -> None
Crypto.Random.threading: None -> None
Crypto.Random.struct: None -> None
Crypto.Random.time: None -> None
Crypto.Random.math: None -> None
Crypto.Random.Fortuna: None -> <Module Crypto.Random.Fortuna /usr/lib/python2.7/dist-packages/Crypto/Random/Fortuna/__init__.pyc imports=[] binaries=[] datas=[]>
Crypto.Random.Fortuna.FortunaAccumulator: None -> <Module Crypto.Random.Fortuna.FortunaAccumulator /usr/lib/python2.7/dist-packages/Crypto/Random/Fortuna/FortunaAccumulator.pyc imports=[('sys', 0, 0, -1), ('Crypto.Util.py21compat', 0, 1, -1), ('Crypto.Util.py21compat.*', 0, 1, -1), ('Crypto.Util.py3compat', 0, 0, -1), ('Crypto.Util.py3compat.*', 0, 0, -1), ('binascii', 0, 0, -1), ('binascii.b2a_hex', 0, 0, -1), ('time', 0, 0, -1), ('warnings', 0, 0, -1), ('Crypto.pct_warnings', 0, 0, -1), ('Crypto.pct_warnings.ClockRewindWarning', 0, 0, -1), ('SHAd256', 0, 0, -1), ('FortunaGenerator', 0, 0, -1)] binaries=[] datas=[]>
Crypto.Random.Fortuna.sys: None -> None
Crypto.Random.Fortuna.Crypto: None -> None
Crypto.Random.Fortuna.binascii: None -> None
Crypto.Random.Fortuna.time: None -> None
Crypto.Random.Fortuna.warnings: None -> None
Crypto.pct_warnings: None -> <Module Crypto.pct_warnings /usr/lib/python2.7/dist-packages/Crypto/pct_warnings.pyc imports=[('warnings', 0, 0, -1)] binaries=[] datas=[]>
Crypto.Random.Fortuna.SHAd256: None -> <Module Crypto.Random.Fortuna.SHAd256 /usr/lib/python2.7/dist-packages/Crypto/Random/Fortuna/SHAd256.pyc imports=[('sys', 0, 0, -1), ('Crypto.Util.py21compat', 0, 1, -1), ('Crypto.Util.py21compat.*', 0, 1, -1), ('Crypto.Util.py3compat', 0, 0, -1), ('Crypto.Util.py3compat.*', 0, 0, -1), ('binascii', 0, 0, -1), ('binascii.b2a_hex', 0, 0, -1), ('Crypto.Hash', 0, 0, -1), ('Crypto.Hash.SHA256', 0, 0, -1)] binaries=[] datas=[]>
Crypto.Random.Fortuna.FortunaGenerator: None -> <Module Crypto.Random.Fortuna.FortunaGenerator /usr/lib/python2.7/dist-packages/Crypto/Random/Fortuna/FortunaGenerator.pyc imports=[('sys', 0, 0, -1), ('Crypto.Util.py21compat', 0, 1, -1), ('Crypto.Util.py21compat.*', 0, 1, -1), ('Crypto.Util.py3compat', 0, 0, -1), ('Crypto.Util.py3compat.*', 0, 0, -1), ('struct', 0, 0, -1), ('Crypto.Util.number', 0, 0, -1), ('Crypto.Util.number.ceil_shift', 0, 0, -1), ('Crypto.Util.number.exact_log2', 0, 0, -1), ('Crypto.Util.number.exact_div', 0, 0, -1), ('Crypto.Util', 0, 0, -1), ('Crypto.Util.Counter', 0, 0, -1), ('Crypto.Cipher', 0, 0, -1), ('Crypto.Cipher.AES', 0, 0, -1), ('SHAd256', 0, 0, -1)] binaries=[] datas=[]>
Crypto.warnings: None -> None
Crypto.Hash.SHA256: None -> <Module Crypto.Hash.SHA256 /usr/lib/python2.7/dist-packages/Crypto/Hash/SHA256.pyc imports=[('Crypto.Util.py3compat', 0, 0, -1), ('Crypto.Util.py3compat.*', 0, 0, -1), ('Crypto.Hash.hashalgo', 0, 0, -1), ('Crypto.Hash.hashalgo.HashAlgo', 0, 0, -1), ('hashlib', 0, 0, -1), ('Crypto.Hash', 0, 1, -1), ('Crypto.Hash._SHA256', 0, 1, -1)] binaries=[] datas=[]>
Crypto.Hash.Crypto: None -> None
Crypto.Hash.hashalgo: None -> <Module Crypto.Hash.hashalgo /usr/lib/python2.7/dist-packages/Crypto/Hash/hashalgo.pyc imports=[('binascii', 0, 0, -1), ('binascii.hexlify', 0, 0, -1)] binaries=[] datas=[]>
Crypto.Hash.hashlib: None -> None
Crypto.Hash._SHA256: None -> <Module Crypto.Hash._SHA256 /usr/lib/python2.7/dist-packages/Crypto/Hash/_SHA256.so imports=[] binaries=[] datas=[]>
Crypto.Hash.binascii: None -> None
Crypto.Random.Fortuna.struct: None -> None
Crypto.Util.number: None -> <Module Crypto.Util.number /usr/lib/python2.7/dist-packages/Crypto/Util/number.pyc imports=[('Crypto.pct_warnings', 0, 0, -1), ('Crypto.pct_warnings.GetRandomNumber_DeprecationWarning', 0, 0, -1), ('Crypto.pct_warnings.PowmInsecureWarning', 0, 0, -1), ('warnings', 0, 0, -1), ('warnings.warn', 0, 0, -1), ('math', 0, 0, -1), ('sys', 0, 0, -1), ('Crypto.Util.py3compat', 0, 0, -1), ('Crypto.Util.py3compat.*', 0, 0, -1), ('Crypto.PublicKey', 0, 0, -1), ('Crypto.PublicKey._fastmath', 0, 0, -1), ('_number_new', 0, 0, -1), ('_number_new.*', 0, 0, -1), ('struct', 0, 0, -1), ('warnings', 0, 0, -1), ('Crypto', 1, 0, -1), ('Crypto.Random', 1, 0, -1), ('Crypto.Random.random', 1, 0, -1), ('Crypto.Random.random.StrongRandom', 1, 0, -1)] binaries=[] datas=[]>
Crypto.Util.Crypto: None -> None
Crypto.Util.warnings: None -> None
Crypto.Util.math: None -> None
Crypto.PublicKey: None -> <Module Crypto.PublicKey /usr/lib/python2.7/dist-packages/Crypto/PublicKey/__init__.pyc imports=[] binaries=[] datas=[]>
Crypto.PublicKey._fastmath: None -> <Module Crypto.PublicKey._fastmath /usr/lib/python2.7/dist-packages/Crypto/PublicKey/_fastmath.so imports=[] binaries=[] datas=[]>
Crypto.Util._number_new: None -> <Module Crypto.Util._number_new /usr/lib/python2.7/dist-packages/Crypto/Util/_number_new.pyc imports=[('sys', 0, 0, -1), ('Crypto.Util.py21compat', 0, 1, -1), ('Crypto.Util.py21compat.*', 0, 1, -1)] binaries=[] datas=[]>
Crypto.Util.struct: None -> None
Crypto.Random.random: None -> <Module Crypto.Random.random /usr/lib/python2.7/dist-packages/Crypto/Random/random.pyc imports=[('Crypto', 0, 0, -1), ('Crypto.Random', 0, 0, -1), ('sys', 0, 0, -1), ('Crypto.Util.py21compat', 0, 1, -1), ('Crypto.Util.py21compat.*', 0, 1, -1), ('Crypto.Util.number', 0, 0, -1), ('Crypto.Util.number.ceil_div', 0, 0, -1), ('Crypto.Util.number.bytes_to_long', 0, 0, -1), ('Crypto.Util.number.long_to_bytes', 0, 0, -1), ('Crypto.Util.number.size', 0, 0, -1)] binaries=[] datas=[]>
Crypto.Util._counter: None -> <Module Crypto.Util._counter /usr/lib/python2.7/dist-packages/Crypto/Util/_counter.so imports=[] binaries=[] datas=[]>
Crypto.Cipher.Crypto: None -> None
Crypto.Cipher.blockalgo: None -> <Module Crypto.Cipher.blockalgo /usr/lib/python2.7/dist-packages/Crypto/Cipher/blockalgo.pyc imports=[('sys', 0, 0, -1), ('Crypto.Util.py21compat', 0, 1, -1), ('Crypto.Util.py21compat.*', 0, 1, -1), ('Crypto.Util.py3compat', 0, 0, -1), ('Crypto.Util.py3compat.*', 0, 0, -1)] binaries=[] datas=[]>
Crypto.Cipher._AES: None -> <Module Crypto.Cipher._AES /usr/lib/python2.7/dist-packages/Crypto/Cipher/_AES.so imports=[] binaries=[] datas=[]>
Crypto.Cipher.sys: None -> None
paramiko.fnmatch: None -> None
paramiko.base64: None -> None
Crypto.Hash.HMAC: None -> <Module Crypto.Hash.HMAC /usr/lib/python2.7/dist-packages/Crypto/Hash/HMAC.pyc imports=[('Crypto.Util.strxor', 0, 0, -1), ('Crypto.Util.strxor.strxor_c', 0, 0, -1), ('Crypto.Util.py3compat', 0, 0, -1), ('Crypto.Util.py3compat.*', 0, 0, -1), ('MD5', 1, 1, -1)] binaries=[] datas=[]>
paramiko.UserDict: None -> None
Crypto.Hash.sha: None -> None
sha: None -> <Module sha /usr/lib/python2.7/sha.pyc imports=[('warnings', 0, 0, -1), ('hashlib', 0, 0, -1), ('hashlib.sha1', 0, 0, -1)] binaries=[] datas=[]>
Crypto.Util.strxor: None -> <Module Crypto.Util.strxor /usr/lib/python2.7/dist-packages/Crypto/Util/strxor.so imports=[] binaries=[] datas=[]>
Crypto.Hash.md5: None -> None
md5: None -> <Module md5 /usr/lib/python2.7/md5.pyc imports=[('warnings', 0, 0, -1), ('hashlib', 0, 0, -1), ('hashlib.md5', 0, 0, -1)] binaries=[] datas=[]>
Crypto.PublicKey.DSA: None -> <Module Crypto.PublicKey.DSA /usr/lib/python2.7/dist-packages/Crypto/PublicKey/DSA.pyc imports=[('sys', 0, 0, -1), ('Crypto.Util.py21compat', 0, 1, -1), ('Crypto.Util.py21compat.*', 0, 1, -1), ('Crypto.PublicKey', 0, 0, -1), ('Crypto.PublicKey._DSA', 0, 0, -1), ('Crypto.PublicKey._slowmath', 0, 0, -1), ('Crypto.PublicKey.pubkey', 0, 0, -1), ('Crypto', 0, 0, -1), ('Crypto.Random', 0, 0, -1), ('Crypto.PublicKey', 0, 0, -1), ('Crypto.PublicKey._fastmath', 0, 0, -1)] binaries=[] datas=[]>
paramiko.ber: None -> <Module paramiko.ber /usr/lib/python2.7/dist-packages/paramiko/ber.pyc imports=[('util', 0, 0, -1)] binaries=[] datas=[]>
Crypto.PublicKey.sys: None -> None
Crypto.PublicKey.Crypto: None -> None
Crypto.PublicKey._DSA: None -> <Module Crypto.PublicKey._DSA /usr/lib/python2.7/dist-packages/Crypto/PublicKey/_DSA.pyc imports=[('Crypto.PublicKey.pubkey', 0, 0, -1), ('Crypto.PublicKey.pubkey.*', 0, 0, -1), ('Crypto.Util', 0, 0, -1), ('Crypto.Util.number', 0, 0, -1), ('Crypto.Util.number', 0, 0, -1), ('Crypto.Util.number.bytes_to_long', 0, 0, -1), ('Crypto.Util.number.long_to_bytes', 0, 0, -1), ('Crypto.Hash', 0, 0, -1), ('Crypto.Hash.SHA', 0, 0, -1), ('Crypto.Util.py3compat', 0, 0, -1), ('Crypto.Util.py3compat.*', 0, 0, -1)] binaries=[] datas=[]>
Crypto.PublicKey._slowmath: None -> <Module Crypto.PublicKey._slowmath /usr/lib/python2.7/dist-packages/Crypto/PublicKey/_slowmath.pyc imports=[('sys', 0, 0, -1), ('Crypto.Util.py21compat', 0, 1, -1), ('Crypto.Util.py21compat.*', 0, 1, -1), ('Crypto.Util.number', 0, 0, -1), ('Crypto.Util.number.size', 0, 0, -1), ('Crypto.Util.number.inverse', 0, 0, -1), ('Crypto.Util.number.GCD', 0, 0, -1)] binaries=[] datas=[]>
Crypto.PublicKey.pubkey: None -> <Module Crypto.PublicKey.pubkey /usr/lib/python2.7/dist-packages/Crypto/PublicKey/pubkey.pyc imports=[('types', 0, 0, -1), ('warnings', 0, 0, -1), ('Crypto.Util.number', 0, 0, -1), ('Crypto.Util.number.*', 0, 0, -1)] binaries=[] datas=[]>
Crypto.PublicKey.types: None -> None
Crypto.PublicKey.warnings: None -> None
paramiko.cStringIO: None -> None
Crypto.Cipher._DES3: None -> <Module Crypto.Cipher._DES3 /usr/lib/python2.7/dist-packages/Crypto/Cipher/_DES3.so imports=[] binaries=[] datas=[]>
Crypto.PublicKey.RSA: None -> <Module Crypto.PublicKey.RSA /usr/lib/python2.7/dist-packages/Crypto/PublicKey/RSA.pyc imports=[('sys', 0, 0, -1), ('Crypto.Util.py21compat', 0, 1, -1), ('Crypto.Util.py21compat.*', 0, 1, -1), ('Crypto.Util.py3compat', 0, 0, -1), ('Crypto.Util.py3compat.*', 0, 0, -1), ('Crypto.Util.number', 0, 0, -1), ('Crypto.Util.number.getRandomRange', 0, 0, -1), ('Crypto.Util.number.bytes_to_long', 0, 0, -1), ('Crypto.Util.number.long_to_bytes', 0, 0, -1), ('Crypto.PublicKey', 0, 0, -1), ('Crypto.PublicKey._RSA', 0, 0, -1), ('Crypto.PublicKey._slowmath', 0, 0, -1), ('Crypto.PublicKey.pubkey', 0, 0, -1), ('Crypto', 0, 0, -1), ('Crypto.Random', 0, 0, -1), ('Crypto.Util.asn1', 0, 0, -1), ('Crypto.Util.asn1.DerObject', 0, 0, -1), ('Crypto.Util.asn1.DerSequence', 0, 0, -1), ('Crypto.Util.asn1.DerNull', 0, 0, -1), ('binascii', 0, 0, -1), ('struct', 0, 0, -1), ('Crypto.Util.number', 0, 0, -1), ('Crypto.Util.number.inverse', 0, 0, -1), ('Crypto.Util.number', 0, 0, -1), ('Crypto.Util.number.inverse', 0, 0, -1), ('Crypto.PublicKey', 0, 0, -1), ('Crypto.PublicKey._fastmath', 0, 0, -1), ('Crypto.Hash.MD5', 1, 1, -1), ('Crypto.Cipher', 1, 1, -1), ('Crypto.Cipher.DES3', 1, 1, -1), ('Crypto.Protocol.KDF', 1, 1, -1), ('Crypto.Protocol.KDF.PBKDF1', 1, 1, -1), ('Crypto.Hash.MD5', 1, 1, -1), ('Crypto.Cipher', 1, 1, -1), ('Crypto.Cipher.DES', 1, 1, -1), ('Crypto.Cipher.DES3', 1, 1, -1), ('Crypto.Protocol.KDF', 1, 1, -1), ('Crypto.Protocol.KDF.PBKDF1', 1, 1, -1)] binaries=[] datas=[]>
Crypto.PublicKey._RSA: None -> <Module Crypto.PublicKey._RSA /usr/lib/python2.7/dist-packages/Crypto/PublicKey/_RSA.pyc imports=[('Crypto.PublicKey', 0, 0, -1), ('Crypto.PublicKey.pubkey', 0, 0, -1), ('Crypto.Util', 0, 0, -1), ('Crypto.Util.number', 0, 0, -1)] binaries=[] datas=[]>
Crypto.Util.asn1: None -> <Module Crypto.Util.asn1 /usr/lib/python2.7/dist-packages/Crypto/Util/asn1.pyc imports=[('Crypto.Util.number', 0, 0, -1), ('Crypto.Util.number.long_to_bytes', 0, 0, -1), ('Crypto.Util.number.bytes_to_long', 0, 0, -1), ('sys', 0, 0, -1), ('Crypto.Util.py3compat', 0, 0, -1), ('Crypto.Util.py3compat.*', 0, 0, -1)] binaries=[] datas=[]>
Crypto.PublicKey.binascii: None -> None
Crypto.PublicKey.struct: None -> None
Crypto.Protocol: None -> <Module Crypto.Protocol /usr/lib/python2.7/dist-packages/Crypto/Protocol/__init__.pyc imports=[] binaries=[] datas=[]>
Crypto.Protocol.KDF: None -> <Module Crypto.Protocol.KDF /usr/lib/python2.7/dist-packages/Crypto/Protocol/KDF.pyc imports=[('math', 0, 0, -1), ('struct', 0, 0, -1), ('Crypto.Util.py3compat', 0, 0, -1), ('Crypto.Util.py3compat.*', 0, 0, -1), ('Crypto.Hash', 0, 0, -1), ('Crypto.Hash.SHA', 0, 0, -1), ('Crypto.Hash.HMAC', 0, 0, -1), ('Crypto.Util.strxor', 0, 0, -1), ('Crypto.Util.strxor.strxor', 0, 0, -1)] binaries=[] datas=[]>
Crypto.Cipher.DES: None -> <Module Crypto.Cipher.DES /usr/lib/python2.7/dist-packages/Crypto/Cipher/DES.pyc imports=[('Crypto.Cipher', 0, 0, -1), ('Crypto.Cipher.blockalgo', 0, 0, -1), ('Crypto.Cipher', 0, 0, -1), ('Crypto.Cipher._DES', 0, 0, -1)] binaries=[] datas=[]>
Crypto.Protocol.math: None -> None
Crypto.Protocol.struct: None -> None
Crypto.Protocol.Crypto: None -> None
Crypto.Cipher._DES: None -> <Module Crypto.Cipher._DES /usr/lib/python2.7/dist-packages/Crypto/Cipher/_DES.so imports=[] binaries=[] datas=[]>
paramiko.encodings: None -> None
paramiko.buffered_pipe: None -> <Module paramiko.buffered_pipe /usr/lib/python2.7/dist-packages/paramiko/buffered_pipe.pyc imports=[('array', 0, 0, -1), ('threading', 0, 0, -1), ('time', 0, 0, -1)] binaries=[] datas=[]>
paramiko.pipe: None -> <Module paramiko.pipe /usr/lib/python2.7/dist-packages/paramiko/pipe.pyc imports=[('sys', 0, 0, -1), ('os', 0, 0, -1), ('socket', 0, 0, -1)] binaries=[] datas=[]>
paramiko.zlib: None -> None
paramiko.errno: None -> None
paramiko.r_hmac: None -> None
r_hmac: None -> None
  DEL r_hmac
paramiko.stat: None -> None
Crypto.Cipher._Blowfish: None -> <Module Crypto.Cipher._Blowfish /usr/lib/python2.7/dist-packages/Crypto/Cipher/_Blowfish.so imports=[] binaries=[] datas=[]>
Crypto.Cipher._ARC4: None -> <Module Crypto.Cipher._ARC4 /usr/lib/python2.7/dist-packages/Crypto/Cipher/_ARC4.so imports=[] binaries=[] datas=[]>
paramiko.getpass: None -> None
getpass: None -> <Module getpass /usr/lib/python2.7/getpass.pyc imports=[('os', 0, 0, -1), ('sys', 0, 0, -1), ('warnings', 0, 0, -1), ('termios', 0, 0, -1), ('msvcrt', 0, 1, -1), ('EasyDialogs', 0, 1, -1), ('EasyDialogs.AskPassword', 0, 1, -1), ('msvcrt', 1, 0, -1), ('os', 1, 0, -1), ('pwd', 1, 0, -1)] binaries=[] datas=[]>
paramiko.warnings: None -> None
paramiko.resource: None -> <Module paramiko.resource /usr/lib/python2.7/dist-packages/paramiko/resource.pyc imports=[('weakref', 0, 0, -1)] binaries=[] datas=[]>
termios: None -> <Module termios /usr/lib/python2.7/lib-dynload/termios.so imports=[] binaries=[] datas=[]>
msvcrt: None -> None
  DEL msvcrt
EasyDialogs: None -> None
  DEL EasyDialogs
EasyDialogs: None -> None
  DEL EasyDialogs
msvcrt: None -> None
  DEL msvcrt
paramiko.win_pageant: None -> <Module paramiko.win_pageant /usr/lib/python2.7/dist-packages/paramiko/win_pageant.pyc imports=[('os', 0, 0, -1), ('struct', 0, 0, -1), ('tempfile', 0, 0, -1), ('mmap', 0, 0, -1), ('array', 0, 0, -1), ('win32gui', 0, 0, -1), ('ctypes', 0, 1, -1)] binaries=[] datas=[]>
paramiko.tempfile: None -> None
paramiko.mmap: None -> None
mmap: None -> <Module mmap /usr/lib/python2.7/lib-dynload/mmap.so imports=[] binaries=[] datas=[]>
paramiko.win32gui: None -> None
win32gui: None -> None
  DEL win32gui
paramiko.ctypes: None -> None
ctypes: None -> <Module ctypes /usr/lib/python2.7/ctypes/__init__.pyc imports=[('os', 0, 0, -1), ('sys', 0, 0, -1), ('_ctypes', 0, 0, -1), ('_ctypes.Union', 0, 0, -1), ('_ctypes.Structure', 0, 0, -1), ('_ctypes.Array', 0, 0, -1), ('_ctypes', 0, 0, -1), ('_ctypes._Pointer', 0, 0, -1), ('_ctypes', 0, 0, -1), ('_ctypes.CFuncPtr', 0, 0, -1), ('_ctypes', 0, 0, -1), ('_ctypes.__version__', 0, 0, -1), ('_ctypes', 0, 0, -1), ('_ctypes.RTLD_LOCAL', 0, 0, -1), ('_ctypes.RTLD_GLOBAL', 0, 0, -1), ('_ctypes', 0, 0, -1), ('_ctypes.ArgumentError', 0, 0, -1), ('struct', 0, 0, -1), ('struct.calcsize', 0, 0, -1), ('_ctypes', 0, 1, -1), ('_ctypes.FormatError', 0, 1, -1), ('_ctypes', 0, 0, -1), ('_ctypes.FUNCFLAG_CDECL', 0, 0, -1), ('_ctypes.FUNCFLAG_PYTHONAPI', 0, 0, -1), ('_ctypes.FUNCFLAG_USE_ERRNO', 0, 0, -1), ('_ctypes.FUNCFLAG_USE_LASTERROR', 0, 0, -1), ('_ctypes', 0, 1, -1), ('_ctypes.LoadLibrary', 0, 1, -1), ('_ctypes', 0, 1, -1), ('_ctypes.FUNCFLAG_STDCALL', 0, 1, -1), ('_ctypes', 0, 1, -1), ('_ctypes.dlopen', 0, 1, -1), ('_ctypes', 0, 0, -1), ('_ctypes.sizeof', 0, 0, -1), ('_ctypes.byref', 0, 0, -1), ('_ctypes.addressof', 0, 0, -1), ('_ctypes.alignment', 0, 0, -1), ('_ctypes.resize', 0, 0, -1), ('_ctypes', 0, 0, -1), ('_ctypes.get_errno', 0, 0, -1), ('_ctypes.set_errno', 0, 0, -1), ('_ctypes', 0, 0, -1), ('_ctypes._SimpleCData', 0, 0, -1), ('_ctypes', 0, 0, -1), ('_ctypes.POINTER', 0, 0, -1), ('_ctypes.pointer', 0, 0, -1), ('_ctypes._pointer_type_cache', 0, 0, -1), ('_ctypes', 0, 0, -1), ('_ctypes.set_conversion_mode', 0, 0, -1), ('_ctypes', 0, 1, -1), ('_ctypes._check_HRESULT', 0, 1, -1), ('_ctypes._SimpleCData', 0, 1, -1), ('_ctypes', 0, 1, -1), ('_ctypes.get_last_error', 0, 1, -1), ('_ctypes.set_last_error', 0, 1, -1), ('_ctypes', 0, 0, -1), ('_ctypes._memmove_addr', 0, 0, -1), ('_ctypes._memset_addr', 0, 0, -1), ('_ctypes._string_at_addr', 0, 0, -1), ('_ctypes._cast_addr', 0, 0, -1), ('_ctypes', 0, 0, -1), ('_ctypes._wstring_at_addr', 0, 0, -1), ('ctypes._endian', 0, 0, -1), ('ctypes._endian.BigEndianStructure', 0, 0, -1), ('ctypes._endian.LittleEndianStructure', 0, 0, -1), ('struct', 1, 0, -1), ('struct.calcsize', 1, 0, -1)] binaries=[] datas=[]>
ctypes.os: None -> None
ctypes.sys: None -> None
ctypes._ctypes: None -> None
_ctypes: None -> <Module _ctypes /usr/lib/python2.7/lib-dynload/_ctypes.so imports=[] binaries=[] datas=[]>
ctypes.struct: None -> None
ctypes.ctypes: None -> None
ctypes._endian: None -> <Module ctypes._endian /usr/lib/python2.7/ctypes/_endian.pyc imports=[('sys', 0, 0, -1), ('ctypes', 0, 0, -1), ('ctypes.*', 0, 0, -1)] binaries=[] datas=[]>
